# JRE version: OpenJDK Runtime Environment (8.0_152-b01) (build 1.8.0_152-release-1024-b01)
# Java VM: OpenJDK 64-Bit Server VM (25.152-b01 mixed mode linux-amd64 compressed oops)
Heap:
 PSYoungGen      total 382976K, used 62383K [0x00000000e0000000, 0x00000000faa80000, 0x0000000100000000)
  eden space 361984K, 11% used [0x00000000e0000000,0x00000000e2877740,0x00000000f6180000)
  from space 20992K, 99% used [0x00000000f9600000,0x00000000faa746a0,0x00000000faa80000)
  to   space 27648K, 0% used [0x00000000f7480000,0x00000000f7480000,0x00000000f8f80000)
 ParOldGen       total 253440K, used 40410K [0x00000000a0000000, 0x00000000af780000, 0x00000000e0000000)
  object space 253440K, 15% used [0x00000000a0000000,0x00000000a27769c8,0x00000000af780000)
 Metaspace       used 63786K, capacity 65944K, committed 66176K, reserved 1105920K
  class space    used 8502K, capacity 9027K, committed 9088K, reserved 1048576K
GC Heap History (10 events):
Event: 2.888 GC heap before
{Heap before GC invocations=7 (full 2):
 PSYoungGen      total 268288K, used 10122K [0x00000000e0000000, 0x00000000f2d80000, 0x0000000100000000)
  eden space 258048K, 0% used [0x00000000e0000000,0x00000000e0000000,0x00000000efc00000)
  from space 10240K, 98% used [0x00000000efc00000,0x00000000f05e2b90,0x00000000f0600000)
  to   space 12800K, 0% used [0x00000000f2100000,0x00000000f2100000,0x00000000f2d80000)
 ParOldGen       total 103936K, used 10858K [0x00000000a0000000, 0x00000000a6580000, 0x00000000e0000000)
  object space 103936K, 10% used [0x00000000a0000000,0x00000000a0a9a980,0x00000000a6580000)
 Metaspace       used 34499K, capacity 35148K, committed 35416K, reserved 1079296K
  class space    used 4757K, capacity 4998K, committed 5120K, reserved 1048576K
Event: 2.931 GC heap after
Heap after GC invocations=7 (full 2):
 PSYoungGen      total 268288K, used 0K [0x00000000e0000000, 0x00000000f2d80000, 0x0000000100000000)
  eden space 258048K, 0% used [0x00000000e0000000,0x00000000e0000000,0x00000000efc00000)
  from space 10240K, 0% used [0x00000000efc00000,0x00000000efc00000,0x00000000f0600000)
  to   space 12800K, 0% used [0x00000000f2100000,0x00000000f2100000,0x00000000f2d80000)
 ParOldGen       total 166400K, used 16721K [0x00000000a0000000, 0x00000000aa280000, 0x00000000e0000000)
  object space 166400K, 10% used [0x00000000a0000000,0x00000000a1054740,0x00000000aa280000)
 Metaspace       used 34499K, capacity 35148K, committed 35416K, reserved 1079296K
  class space    used 4757K, capacity 4998K, committed 5120K, reserved 1048576K
}
Event: 5.253 GC heap before
{Heap before GC invocations=8 (full 2):
 PSYoungGen      total 268288K, used 258048K [0x00000000e0000000, 0x00000000f2d80000, 0x0000000100000000)
  eden space 258048K, 100% used [0x00000000e0000000,0x00000000efc00000,0x00000000efc00000)
  from space 10240K, 0% used [0x00000000efc00000,0x00000000efc00000,0x00000000f0600000)
  to   space 12800K, 0% used [0x00000000f2100000,0x00000000f2100000,0x00000000f2d80000)
 ParOldGen       total 166400K, used 16721K [0x00000000a0000000, 0x00000000aa280000, 0x00000000e0000000)
  object space 166400K, 10% used [0x00000000a0000000,0x00000000a1054740,0x00000000aa280000)
 Metaspace       used 52662K, capacity 54376K, committed 54528K, reserved 1095680K
  class space    used 7261K, capacity 7679K, committed 7680K, reserved 1048576K
Event: 5.276 GC heap after
Heap after GC invocations=8 (full 2):
 PSYoungGen      total 287232K, used 12790K [0x00000000e0000000, 0x00000000f8f00000, 0x0000000100000000)
  eden space 274432K, 0% used [0x00000000e0000000,0x00000000e0000000,0x00000000f0c00000)
  from space 12800K, 99% used [0x00000000f2100000,0x00000000f2d7dbd8,0x00000000f2d80000)
  to   space 21504K, 0% used [0x00000000f0c00000,0x00000000f0c00000,0x00000000f2100000)
 ParOldGen       total 166400K, used 30288K [0x00000000a0000000, 0x00000000aa280000, 0x00000000e0000000)
  object space 166400K, 18% used [0x00000000a0000000,0x00000000a1d94108,0x00000000aa280000)
 Metaspace       used 52662K, capacity 54376K, committed 54528K, reserved 1095680K
  class space    used 7261K, capacity 7679K, committed 7680K, reserved 1048576K
}
Event: 6.799 GC heap before
{Heap before GC invocations=9 (full 2):
 PSYoungGen      total 287232K, used 146608K [0x00000000e0000000, 0x00000000f8f00000, 0x0000000100000000)
  eden space 274432K, 48% used [0x00000000e0000000,0x00000000e82ae6a0,0x00000000f0c00000)
  from space 12800K, 99% used [0x00000000f2100000,0x00000000f2d7dbd8,0x00000000f2d80000)
  to   space 21504K, 0% used [0x00000000f0c00000,0x00000000f0c00000,0x00000000f2100000)
 ParOldGen       total 166400K, used 30288K [0x00000000a0000000, 0x00000000aa280000, 0x00000000e0000000)
  object space 166400K, 18% used [0x00000000a0000000,0x00000000a1d94108,0x00000000aa280000)
 Metaspace       used 57001K, capacity 58910K, committed 59008K, reserved 1099776K
  class space    used 7766K, capacity 8222K, committed 8320K, reserved 1048576K
Event: 6.833 GC heap after
Heap after GC invocations=9 (full 2):
 PSYoungGen      total 295936K, used 21493K [0x00000000e0000000, 0x00000000faf00000, 0x0000000100000000)
  eden space 274432K, 0% used [0x00000000e0000000,0x00000000e0000000,0x00000000f0c00000)
  from space 21504K, 99% used [0x00000000f0c00000,0x00000000f20fd730,0x00000000f2100000)
  to   space 25600K, 0% used [0x00000000f9600000,0x00000000f9600000,0x00000000faf00000)
 ParOldGen       total 166400K, used 32372K [0x00000000a0000000, 0x00000000aa280000, 0x00000000e0000000)
  object space 166400K, 19% used [0x00000000a0000000,0x00000000a1f9d280,0x00000000aa280000)
 Metaspace       used 57001K, capacity 58910K, committed 59008K, reserved 1099776K
  class space    used 7766K, capacity 8222K, committed 8320K, reserved 1048576K
}
Event: 6.833 GC heap before
{Heap before GC invocations=10 (full 3):
 PSYoungGen      total 295936K, used 21493K [0x00000000e0000000, 0x00000000faf00000, 0x0000000100000000)
  eden space 274432K, 0% used [0x00000000e0000000,0x00000000e0000000,0x00000000f0c00000)
  from space 21504K, 99% used [0x00000000f0c00000,0x00000000f20fd730,0x00000000f2100000)
  to   space 25600K, 0% used [0x00000000f9600000,0x00000000f9600000,0x00000000faf00000)
 ParOldGen       total 166400K, used 32372K [0x00000000a0000000, 0x00000000aa280000, 0x00000000e0000000)
  object space 166400K, 19% used [0x00000000a0000000,0x00000000a1f9d280,0x00000000aa280000)
 Metaspace       used 57001K, capacity 58910K, committed 59008K, reserved 1099776K
  class space    used 7766K, capacity 8222K, committed 8320K, reserved 1048576K
Event: 7.051 GC heap after
Heap after GC invocations=10 (full 3):
 PSYoungGen      total 295936K, used 0K [0x00000000e0000000, 0x00000000faf00000, 0x0000000100000000)
  eden space 274432K, 0% used [0x00000000e0000000,0x00000000e0000000,0x00000000f0c00000)
  from space 21504K, 0% used [0x00000000f0c00000,0x00000000f0c00000,0x00000000f2100000)
  to   space 25600K, 0% used [0x00000000f9600000,0x00000000f9600000,0x00000000faf00000)
 ParOldGen       total 253440K, used 40402K [0x00000000a0000000, 0x00000000af780000, 0x00000000e0000000)
  object space 253440K, 15% used [0x00000000a0000000,0x00000000a27749c8,0x00000000af780000)
 Metaspace       used 56997K, capacity 58898K, committed 59008K, reserved 1099776K
  class space    used 7765K, capacity 8220K, committed 8320K, reserved 1048576K
}
Event: 9.976 GC heap before
{Heap before GC invocations=11 (full 3):
 PSYoungGen      total 295936K, used 274432K [0x00000000e0000000, 0x00000000faf00000, 0x0000000100000000)
  eden space 274432K, 100% used [0x00000000e0000000,0x00000000f0c00000,0x00000000f0c00000)
  from space 21504K, 0% used [0x00000000f0c00000,0x00000000f0c00000,0x00000000f2100000)
  to   space 25600K, 0% used [0x00000000f9600000,0x00000000f9600000,0x00000000faf00000)
 ParOldGen       total 253440K, used 40402K [0x00000000a0000000, 0x00000000af780000, 0x00000000e0000000)
  object space 253440K, 15% used [0x00000000a0000000,0x00000000a27749c8,0x00000000af780000)
 Metaspace       used 63580K, capacity 65668K, committed 65920K, reserved 1105920K
  class space    used 8483K, capacity 8987K, committed 9088K, reserved 1048576K
Event: 10.000 GC heap after
Heap after GC invocations=11 (full 3):
 PSYoungGen      total 382976K, used 20945K [0x00000000e0000000, 0x00000000faa80000, 0x0000000100000000)
  eden space 361984K, 0% used [0x00000000e0000000,0x00000000e0000000,0x00000000f6180000)
  from space 20992K, 99% used [0x00000000f9600000,0x00000000faa746a0,0x00000000faa80000)
  to   space 27648K, 0% used [0x00000000f7480000,0x00000000f7480000,0x00000000f8f80000)
 ParOldGen       total 253440K, used 40410K [0x00000000a0000000, 0x00000000af780000, 0x00000000e0000000)
  object space 253440K, 15% used [0x00000000a0000000,0x00000000a27769c8,0x00000000af780000)
 Metaspace       used 63580K, capacity 65668K, committed 65920K, reserved 1105920K
  class space    used 8483K, capacity 8987K, committed 9088K, reserved 1048576K
}

