# JRE version: OpenJDK Runtime Environment (8.0_152-b01) (build 1.8.0_152-release-1024-b01)
# Java VM: OpenJDK 64-Bit Server VM (25.152-b01 mixed mode linux-amd64 compressed oops)
Heap:
 PSYoungGen      total 363008K, used 51452K [0x00000000e0000000, 0x00000000fab80000, 0x0000000100000000)
  eden space 333824K, 11% used [0x00000000e0000000,0x00000000e24170a8,0x00000000f4600000)
  from space 29184K, 49% used [0x00000000f4600000,0x00000000f5427fe8,0x00000000f6280000)
  to   space 28160K, 0% used [0x00000000f9000000,0x00000000f9000000,0x00000000fab80000)
 ParOldGen       total 274432K, used 46298K [0x00000000a0000000, 0x00000000b0c00000, 0x00000000e0000000)
  object space 274432K, 16% used [0x00000000a0000000,0x00000000a2d36ae8,0x00000000b0c00000)
 Metaspace       used 65816K, capacity 68962K, committed 69208K, reserved 1110016K
  class space    used 8800K, capacity 9519K, committed 9560K, reserved 1048576K
GC Heap History (10 events):
Event: 4.415 GC heap before
{Heap before GC invocations=8 (full 2):
 PSYoungGen      total 268288K, used 258048K [0x00000000e0000000, 0x00000000f1c00000, 0x0000000100000000)
  eden space 258048K, 100% used [0x00000000e0000000,0x00000000efc00000,0x00000000efc00000)
  from space 10240K, 0% used [0x00000000efc00000,0x00000000efc00000,0x00000000f0600000)
  to   space 14336K, 0% used [0x00000000f0e00000,0x00000000f0e00000,0x00000000f1c00000)
 ParOldGen       total 177664K, used 17974K [0x00000000a0000000, 0x00000000aad80000, 0x00000000e0000000)
  object space 177664K, 10% used [0x00000000a0000000,0x00000000a118d9d8,0x00000000aad80000)
 Metaspace       used 53251K, capacity 55004K, committed 55256K, reserved 1097728K
  class space    used 7410K, capacity 7889K, committed 7896K, reserved 1048576K
Event: 4.434 GC heap after
Heap after GC invocations=8 (full 2):
 PSYoungGen      total 267776K, used 14318K [0x00000000e0000000, 0x00000000f8980000, 0x0000000100000000)
  eden space 253440K, 0% used [0x00000000e0000000,0x00000000e0000000,0x00000000ef780000)
  from space 14336K, 99% used [0x00000000f0e00000,0x00000000f1bfbbe8,0x00000000f1c00000)
  to   space 23040K, 0% used [0x00000000ef780000,0x00000000ef780000,0x00000000f0e00000)
 ParOldGen       total 177664K, used 30083K [0x00000000a0000000, 0x00000000aad80000, 0x00000000e0000000)
  object space 177664K, 16% used [0x00000000a0000000,0x00000000a1d60ee8,0x00000000aad80000)
 Metaspace       used 53251K, capacity 55004K, committed 55256K, reserved 1097728K
  class space    used 7410K, capacity 7889K, committed 7896K, reserved 1048576K
}
Event: 5.611 GC heap before
{Heap before GC invocations=9 (full 2):
 PSYoungGen      total 267776K, used 211820K [0x00000000e0000000, 0x00000000f8980000, 0x0000000100000000)
  eden space 253440K, 77% used [0x00000000e0000000,0x00000000ec0df6a8,0x00000000ef780000)
  from space 14336K, 99% used [0x00000000f0e00000,0x00000000f1bfbbe8,0x00000000f1c00000)
  to   space 23040K, 0% used [0x00000000ef780000,0x00000000ef780000,0x00000000f0e00000)
 ParOldGen       total 177664K, used 30083K [0x00000000a0000000, 0x00000000aad80000, 0x00000000e0000000)
  object space 177664K, 16% used [0x00000000a0000000,0x00000000a1d60ee8,0x00000000aad80000)
 Metaspace       used 56781K, capacity 58958K, committed 59028K, reserved 1099776K
  class space    used 7786K, capacity 8374K, committed 8408K, reserved 1048576K
Event: 5.635 GC heap after
Heap after GC invocations=9 (full 2):
 PSYoungGen      total 276480K, used 23036K [0x00000000e0000000, 0x00000000f8f80000, 0x0000000100000000)
  eden space 253440K, 0% used [0x00000000e0000000,0x00000000e0000000,0x00000000ef780000)
  from space 23040K, 99% used [0x00000000ef780000,0x00000000f0dff1b8,0x00000000f0e00000)
  to   space 30720K, 0% used [0x00000000f7180000,0x00000000f7180000,0x00000000f8f80000)
 ParOldGen       total 177664K, used 38405K [0x00000000a0000000, 0x00000000aad80000, 0x00000000e0000000)
  object space 177664K, 21% used [0x00000000a0000000,0x00000000a2581790,0x00000000aad80000)
 Metaspace       used 56781K, capacity 58958K, committed 59028K, reserved 1099776K
  class space    used 7786K, capacity 8374K, committed 8408K, reserved 1048576K
}
Event: 5.635 GC heap before
{Heap before GC invocations=10 (full 3):
 PSYoungGen      total 276480K, used 23036K [0x00000000e0000000, 0x00000000f8f80000, 0x0000000100000000)
  eden space 253440K, 0% used [0x00000000e0000000,0x00000000e0000000,0x00000000ef780000)
  from space 23040K, 99% used [0x00000000ef780000,0x00000000f0dff1b8,0x00000000f0e00000)
  to   space 30720K, 0% used [0x00000000f7180000,0x00000000f7180000,0x00000000f8f80000)
 ParOldGen       total 177664K, used 38405K [0x00000000a0000000, 0x00000000aad80000, 0x00000000e0000000)
  object space 177664K, 21% used [0x00000000a0000000,0x00000000a2581790,0x00000000aad80000)
 Metaspace       used 56781K, capacity 58958K, committed 59028K, reserved 1099776K
  class space    used 7786K, capacity 8374K, committed 8408K, reserved 1048576K
Event: 5.782 GC heap after
Heap after GC invocations=10 (full 3):
 PSYoungGen      total 276480K, used 0K [0x00000000e0000000, 0x00000000f8f80000, 0x0000000100000000)
  eden space 253440K, 0% used [0x00000000e0000000,0x00000000e0000000,0x00000000ef780000)
  from space 23040K, 0% used [0x00000000ef780000,0x00000000ef780000,0x00000000f0e00000)
  to   space 30720K, 0% used [0x00000000f7180000,0x00000000f7180000,0x00000000f8f80000)
 ParOldGen       total 274432K, used 46282K [0x00000000a0000000, 0x00000000b0c00000, 0x00000000e0000000)
  object space 274432K, 16% used [0x00000000a0000000,0x00000000a2d32ae8,0x00000000b0c00000)
 Metaspace       used 56781K, capacity 58958K, committed 59028K, reserved 1099776K
  class space    used 7786K, capacity 8374K, committed 8408K, reserved 1048576K
}
Event: 18.363 GC heap before
{Heap before GC invocations=11 (full 3):
 PSYoungGen      total 276480K, used 253440K [0x00000000e0000000, 0x00000000f8f80000, 0x0000000100000000)
  eden space 253440K, 100% used [0x00000000e0000000,0x00000000ef780000,0x00000000ef780000)
  from space 23040K, 0% used [0x00000000ef780000,0x00000000ef780000,0x00000000f0e00000)
  to   space 30720K, 0% used [0x00000000f7180000,0x00000000f7180000,0x00000000f8f80000)
 ParOldGen       total 274432K, used 46282K [0x00000000a0000000, 0x00000000b0c00000, 0x00000000e0000000)
  object space 274432K, 16% used [0x00000000a0000000,0x00000000a2d32ae8,0x00000000b0c00000)
 Metaspace       used 62849K, capacity 65480K, committed 65752K, reserved 1105920K
  class space    used 8438K, capacity 9093K, committed 9176K, reserved 1048576K
Event: 18.374 GC heap after
Heap after GC invocations=11 (full 3):
 PSYoungGen      total 343552K, used 13574K [0x00000000e0000000, 0x00000000f7f00000, 0x0000000100000000)
  eden space 329728K, 0% used [0x00000000e0000000,0x00000000e0000000,0x00000000f4200000)
  from space 13824K, 98% used [0x00000000f7180000,0x00000000f7ec19b0,0x00000000f7f00000)
  to   space 29184K, 0% used [0x00000000f4600000,0x00000000f4600000,0x00000000f6280000)
 ParOldGen       total 274432K, used 46290K [0x00000000a0000000, 0x00000000b0c00000, 0x00000000e0000000)
  object space 274432K, 16% used [0x00000000a0000000,0x00000000a2d34ae8,0x00000000b0c00000)
 Metaspace       used 62849K, capacity 65480K, committed 65752K, reserved 1105920K
  class space    used 8438K, capacity 9093K, committed 9176K, reserved 1048576K
}
Event: 22.255 GC heap before
{Heap before GC invocations=12 (full 3):
 PSYoungGen      total 343552K, used 343302K [0x00000000e0000000, 0x00000000f7f00000, 0x0000000100000000)
  eden space 329728K, 100% used [0x00000000e0000000,0x00000000f4200000,0x00000000f4200000)
  from space 13824K, 98% used [0x00000000f7180000,0x00000000f7ec19b0,0x00000000f7f00000)
  to   space 29184K, 0% used [0x00000000f4600000,0x00000000f4600000,0x00000000f6280000)
 ParOldGen       total 274432K, used 46290K [0x00000000a0000000, 0x00000000b0c00000, 0x00000000e0000000)
  object space 274432K, 16% used [0x00000000a0000000,0x00000000a2d34ae8,0x00000000b0c00000)
 Metaspace       used 65681K, capacity 68794K, committed 68952K, reserved 1107968K
  class space    used 8783K, capacity 9485K, committed 9560K, reserved 1048576K
Event: 22.273 GC heap after
Heap after GC invocations=12 (full 3):
 PSYoungGen      total 363008K, used 14495K [0x00000000e0000000, 0x00000000fab80000, 0x0000000100000000)
  eden space 333824K, 0% used [0x00000000e0000000,0x00000000e0000000,0x00000000f4600000)
  from space 29184K, 49% used [0x00000000f4600000,0x00000000f5427fe8,0x00000000f6280000)
  to   space 28160K, 0% used [0x00000000f9000000,0x00000000f9000000,0x00000000fab80000)
 ParOldGen       total 274432K, used 46298K [0x00000000a0000000, 0x00000000b0c00000, 0x00000000e0000000)
  object space 274432K, 16% used [0x00000000a0000000,0x00000000a2d36ae8,0x00000000b0c00000)
 Metaspace       used 65681K, capacity 68794K, committed 68952K, reserved 1107968K
  class space    used 8783K, capacity 9485K, committed 9560K, reserved 1048576K
}

