# JRE version: OpenJDK Runtime Environment (8.0_152-b01) (build 1.8.0_152-release-1024-b01)
# Java VM: OpenJDK 64-Bit Server VM (25.152-b01 mixed mode linux-amd64 compressed oops)
Heap:
 PSYoungGen      total 253440K, used 192815K [0x00000000e0000000, 0x00000000f1500000, 0x0000000100000000)
  eden space 227328K, 84% used [0x00000000e0000000,0x00000000ebc4bd18,0x00000000ede00000)
  from space 26112K, 0% used [0x00000000efb80000,0x00000000efb80000,0x00000000f1500000)
  to   space 28160K, 0% used [0x00000000ede00000,0x00000000ede00000,0x00000000ef980000)
 ParOldGen       total 240640K, used 32821K [0x00000000a0000000, 0x00000000aeb00000, 0x00000000e0000000)
  object space 240640K, 13% used [0x00000000a0000000,0x00000000a200d480,0x00000000aeb00000)
 Metaspace       used 65038K, capacity 66908K, committed 67092K, reserved 1107968K
  class space    used 8543K, capacity 9015K, committed 9020K, reserved 1048576K
GC Heap History (10 events):
Event: 3.630 GC heap before
{Heap before GC invocations=9 (full 2):
 PSYoungGen      total 133632K, used 123392K [0x00000000e0000000, 0x00000000ec680000, 0x0000000100000000)
  eden space 123392K, 100% used [0x00000000e0000000,0x00000000e7880000,0x00000000e7880000)
  from space 10240K, 0% used [0x00000000e8500000,0x00000000e8500000,0x00000000e8f00000)
  to   space 12800K, 0% used [0x00000000e7880000,0x00000000e7880000,0x00000000e8500000)
 ParOldGen       total 164864K, used 14578K [0x00000000a0000000, 0x00000000aa100000, 0x00000000e0000000)
  object space 164864K, 8% used [0x00000000a0000000,0x00000000a0e3ca80,0x00000000aa100000)
 Metaspace       used 42117K, capacity 42934K, committed 43224K, reserved 1087488K
  class space    used 5811K, capacity 6084K, committed 6144K, reserved 1048576K
Event: 3.640 GC heap after
Heap after GC invocations=9 (full 2):
 PSYoungGen      total 136192K, used 12797K [0x00000000e0000000, 0x00000000ed080000, 0x0000000100000000)
  eden space 123392K, 0% used [0x00000000e0000000,0x00000000e0000000,0x00000000e7880000)
  from space 12800K, 99% used [0x00000000e7880000,0x00000000e84ff5e8,0x00000000e8500000)
  to   space 14336K, 0% used [0x00000000ec280000,0x00000000ec280000,0x00000000ed080000)
 ParOldGen       total 164864K, used 15016K [0x00000000a0000000, 0x00000000aa100000, 0x00000000e0000000)
  object space 164864K, 9% used [0x00000000a0000000,0x00000000a0eaa258,0x00000000aa100000)
 Metaspace       used 42117K, capacity 42934K, committed 43224K, reserved 1087488K
  class space    used 5811K, capacity 6084K, committed 6144K, reserved 1048576K
}
Event: 4.833 GC heap before
{Heap before GC invocations=10 (full 2):
 PSYoungGen      total 136192K, used 136189K [0x00000000e0000000, 0x00000000ed080000, 0x0000000100000000)
  eden space 123392K, 100% used [0x00000000e0000000,0x00000000e7880000,0x00000000e7880000)
  from space 12800K, 99% used [0x00000000e7880000,0x00000000e84ff5e8,0x00000000e8500000)
  to   space 14336K, 0% used [0x00000000ec280000,0x00000000ec280000,0x00000000ed080000)
 ParOldGen       total 164864K, used 15016K [0x00000000a0000000, 0x00000000aa100000, 0x00000000e0000000)
  object space 164864K, 9% used [0x00000000a0000000,0x00000000a0eaa258,0x00000000aa100000)
 Metaspace       used 51974K, capacity 53576K, committed 53848K, reserved 1095680K
  class space    used 7153K, capacity 7547K, committed 7552K, reserved 1048576K
Event: 4.853 GC heap after
Heap after GC invocations=10 (full 2):
 PSYoungGen      total 194560K, used 14334K [0x00000000e0000000, 0x00000000ed400000, 0x0000000100000000)
  eden space 180224K, 0% used [0x00000000e0000000,0x00000000e0000000,0x00000000eb000000)
  from space 14336K, 99% used [0x00000000ec280000,0x00000000ed07fbd8,0x00000000ed080000)
  to   space 18432K, 0% used [0x00000000eb000000,0x00000000eb000000,0x00000000ec200000)
 ParOldGen       total 164864K, used 20765K [0x00000000a0000000, 0x00000000aa100000, 0x00000000e0000000)
  object space 164864K, 12% used [0x00000000a0000000,0x00000000a14477c0,0x00000000aa100000)
 Metaspace       used 51974K, capacity 53576K, committed 53848K, reserved 1095680K
  class space    used 7153K, capacity 7547K, committed 7552K, reserved 1048576K
}
Event: 6.065 GC heap before
{Heap before GC invocations=11 (full 2):
 PSYoungGen      total 194560K, used 194558K [0x00000000e0000000, 0x00000000ed400000, 0x0000000100000000)
  eden space 180224K, 100% used [0x00000000e0000000,0x00000000eb000000,0x00000000eb000000)
  from space 14336K, 99% used [0x00000000ec280000,0x00000000ed07fbd8,0x00000000ed080000)
  to   space 18432K, 0% used [0x00000000eb000000,0x00000000eb000000,0x00000000ec200000)
 ParOldGen       total 164864K, used 20768K [0x00000000a0000000, 0x00000000aa100000, 0x00000000e0000000)
  object space 164864K, 12% used [0x00000000a0000000,0x00000000a1448308,0x00000000aa100000)
 Metaspace       used 56557K, capacity 58136K, committed 58456K, reserved 1099776K
  class space    used 7601K, capacity 7971K, committed 8064K, reserved 1048576K
Event: 6.104 GC heap after
Heap after GC invocations=11 (full 2):
 PSYoungGen      total 198656K, used 18408K [0x00000000e0000000, 0x00000000f1600000, 0x0000000100000000)
  eden space 180224K, 0% used [0x00000000e0000000,0x00000000e0000000,0x00000000eb000000)
  from space 18432K, 99% used [0x00000000eb000000,0x00000000ec1fa1b8,0x00000000ec200000)
  to   space 27136K, 0% used [0x00000000efb80000,0x00000000efb80000,0x00000000f1600000)
 ParOldGen       total 164864K, used 36440K [0x00000000a0000000, 0x00000000aa100000, 0x00000000e0000000)
  object space 164864K, 22% used [0x00000000a0000000,0x00000000a2396068,0x00000000aa100000)
 Metaspace       used 56557K, capacity 58136K, committed 58456K, reserved 1099776K
  class space    used 7601K, capacity 7971K, committed 8064K, reserved 1048576K
}
Event: 6.816 GC heap before
{Heap before GC invocations=12 (full 2):
 PSYoungGen      total 198656K, used 100438K [0x00000000e0000000, 0x00000000f1600000, 0x0000000100000000)
  eden space 180224K, 45% used [0x00000000e0000000,0x00000000e501b808,0x00000000eb000000)
  from space 18432K, 99% used [0x00000000eb000000,0x00000000ec1fa1b8,0x00000000ec200000)
  to   space 27136K, 0% used [0x00000000efb80000,0x00000000efb80000,0x00000000f1600000)
 ParOldGen       total 164864K, used 36440K [0x00000000a0000000, 0x00000000aa100000, 0x00000000e0000000)
  object space 164864K, 22% used [0x00000000a0000000,0x00000000a2396068,0x00000000aa100000)
 Metaspace       used 57369K, capacity 58964K, committed 59028K, reserved 1099776K
  class space    used 7674K, capacity 8087K, committed 8124K, reserved 1048576K
Event: 6.829 GC heap after
Heap after GC invocations=12 (full 2):
 PSYoungGen      total 253440K, used 19726K [0x00000000e0000000, 0x00000000f1500000, 0x0000000100000000)
  eden space 227328K, 0% used [0x00000000e0000000,0x00000000e0000000,0x00000000ede00000)
  from space 26112K, 75% used [0x00000000efb80000,0x00000000f0ec3a50,0x00000000f1500000)
  to   space 28160K, 0% used [0x00000000ede00000,0x00000000ede00000,0x00000000ef980000)
 ParOldGen       total 164864K, used 36448K [0x00000000a0000000, 0x00000000aa100000, 0x00000000e0000000)
  object space 164864K, 22% used [0x00000000a0000000,0x00000000a2398068,0x00000000aa100000)
 Metaspace       used 57369K, capacity 58964K, committed 59028K, reserved 1099776K
  class space    used 7674K, capacity 8087K, committed 8124K, reserved 1048576K
}
Event: 6.829 GC heap before
{Heap before GC invocations=13 (full 3):
 PSYoungGen      total 253440K, used 19726K [0x00000000e0000000, 0x00000000f1500000, 0x0000000100000000)
  eden space 227328K, 0% used [0x00000000e0000000,0x00000000e0000000,0x00000000ede00000)
  from space 26112K, 75% used [0x00000000efb80000,0x00000000f0ec3a50,0x00000000f1500000)
  to   space 28160K, 0% used [0x00000000ede00000,0x00000000ede00000,0x00000000ef980000)
 ParOldGen       total 164864K, used 36448K [0x00000000a0000000, 0x00000000aa100000, 0x00000000e0000000)
  object space 164864K, 22% used [0x00000000a0000000,0x00000000a2398068,0x00000000aa100000)
 Metaspace       used 57369K, capacity 58964K, committed 59028K, reserved 1099776K
  class space    used 7674K, capacity 8087K, committed 8124K, reserved 1048576K
Event: 6.968 GC heap after
Heap after GC invocations=13 (full 3):
 PSYoungGen      total 253440K, used 0K [0x00000000e0000000, 0x00000000f1500000, 0x0000000100000000)
  eden space 227328K, 0% used [0x00000000e0000000,0x00000000e0000000,0x00000000ede00000)
  from space 26112K, 0% used [0x00000000efb80000,0x00000000efb80000,0x00000000f1500000)
  to   space 28160K, 0% used [0x00000000ede00000,0x00000000ede00000,0x00000000ef980000)
 ParOldGen       total 240640K, used 32821K [0x00000000a0000000, 0x00000000aeb00000, 0x00000000e0000000)
  object space 240640K, 13% used [0x00000000a0000000,0x00000000a200d480,0x00000000aeb00000)
 Metaspace       used 57369K, capacity 58964K, committed 59028K, reserved 1099776K
  class space    used 7674K, capacity 8087K, committed 8124K, reserved 1048576K
}

