# JRE version: OpenJDK Runtime Environment (8.0_152-b01) (build 1.8.0_152-release-1024-b01)
# Java VM: OpenJDK 64-Bit Server VM (25.152-b01 mixed mode linux-amd64 compressed oops)
Heap:
 PSYoungGen      total 466944K, used 366461K [0x00000000e0000000, 0x00000000ffb80000, 0x0000000100000000)
  eden space 421376K, 83% used [0x00000000e0000000,0x00000000f57188f0,0x00000000f9b80000)
  from space 45568K, 33% used [0x00000000fcf00000,0x00000000fddc6d90,0x00000000ffb80000)
  to   space 49152K, 0% used [0x00000000f9b80000,0x00000000f9b80000,0x00000000fcb80000)
 ParOldGen       total 327168K, used 68935K [0x00000000a0000000, 0x00000000b3f80000, 0x00000000e0000000)
  object space 327168K, 21% used [0x00000000a0000000,0x00000000a4351e80,0x00000000b3f80000)
 Metaspace       used 96013K, capacity 100640K, committed 100736K, reserved 1136640K
  class space    used 12389K, capacity 13366K, committed 13440K, reserved 1048576K
GC Heap History (10 events):
Event: 2813.702 GC heap before
{Heap before GC invocations=14 (full 3):
 PSYoungGen      total 413696K, used 413687K [0x00000000e0000000, 0x0000000100000000, 0x0000000100000000)
  eden space 380928K, 100% used [0x00000000e0000000,0x00000000f7400000,0x00000000f7400000)
  from space 32768K, 99% used [0x00000000fe000000,0x00000000ffffdf60,0x0000000100000000)
  to   space 42496K, 0% used [0x00000000fad00000,0x00000000fad00000,0x00000000fd680000)
 ParOldGen       total 229888K, used 55621K [0x00000000a0000000, 0x00000000ae080000, 0x00000000e0000000)
  object space 229888K, 24% used [0x00000000a0000000,0x00000000a36515c8,0x00000000ae080000)
 Metaspace       used 91029K, capacity 95160K, committed 95360K, reserved 1132544K
  class space    used 11771K, capacity 12633K, committed 12672K, reserved 1048576K
Event: 2813.731 GC heap after
Heap after GC invocations=14 (full 3):
 PSYoungGen      total 404992K, used 36773K [0x00000000e0000000, 0x00000000fe080000, 0x0000000100000000)
  eden space 368128K, 0% used [0x00000000e0000000,0x00000000e0000000,0x00000000f6780000)
  from space 36864K, 99% used [0x00000000fad00000,0x00000000fd0e94e0,0x00000000fd100000)
  to   space 15872K, 0% used [0x00000000fd100000,0x00000000fd100000,0x00000000fe080000)
 ParOldGen       total 229888K, used 55629K [0x00000000a0000000, 0x00000000ae080000, 0x00000000e0000000)
  object space 229888K, 24% used [0x00000000a0000000,0x00000000a36535c8,0x00000000ae080000)
 Metaspace       used 91029K, capacity 95160K, committed 95360K, reserved 1132544K
  class space    used 11771K, capacity 12633K, committed 12672K, reserved 1048576K
}
Event: 2815.430 GC heap before
{Heap before GC invocations=15 (full 3):
 PSYoungGen      total 404992K, used 404256K [0x00000000e0000000, 0x00000000fe080000, 0x0000000100000000)
  eden space 368128K, 99% used [0x00000000e0000000,0x00000000f66dec50,0x00000000f6780000)
  from space 36864K, 99% used [0x00000000fad00000,0x00000000fd0e94e0,0x00000000fd100000)
  to   space 15872K, 0% used [0x00000000fd100000,0x00000000fd100000,0x00000000fe080000)
 ParOldGen       total 229888K, used 55629K [0x00000000a0000000, 0x00000000ae080000, 0x00000000e0000000)
  object space 229888K, 24% used [0x00000000a0000000,0x00000000a36535c8,0x00000000ae080000)
 Metaspace       used 92332K, capacity 96524K, committed 96768K, reserved 1132544K
  class space    used 11828K, capacity 12747K, committed 12800K, reserved 1048576K
Event: 2815.466 GC heap after
Heap after GC invocations=15 (full 3):
 PSYoungGen      total 372224K, used 15843K [0x00000000e0000000, 0x00000000fe080000, 0x0000000100000000)
  eden space 356352K, 0% used [0x00000000e0000000,0x00000000e0000000,0x00000000f5c00000)
  from space 15872K, 99% used [0x00000000fd100000,0x00000000fe078ea0,0x00000000fe080000)
  to   space 52736K, 0% used [0x00000000f7980000,0x00000000f7980000,0x00000000fad00000)
 ParOldGen       total 229888K, used 85256K [0x00000000a0000000, 0x00000000ae080000, 0x00000000e0000000)
  object space 229888K, 37% used [0x00000000a0000000,0x00000000a53420c0,0x00000000ae080000)
 Metaspace       used 92332K, capacity 96524K, committed 96768K, reserved 1132544K
  class space    used 11828K, capacity 12747K, committed 12800K, reserved 1048576K
}
Event: 2815.816 GC heap before
{Heap before GC invocations=16 (full 3):
 PSYoungGen      total 372224K, used 302031K [0x00000000e0000000, 0x00000000fe080000, 0x0000000100000000)
  eden space 356352K, 80% used [0x00000000e0000000,0x00000000f177af68,0x00000000f5c00000)
  from space 15872K, 99% used [0x00000000fd100000,0x00000000fe078ea0,0x00000000fe080000)
  to   space 52736K, 0% used [0x00000000f7980000,0x00000000f7980000,0x00000000fad00000)
 ParOldGen       total 229888K, used 85256K [0x00000000a0000000, 0x00000000ae080000, 0x00000000e0000000)
  object space 229888K, 37% used [0x00000000a0000000,0x00000000a53420c0,0x00000000ae080000)
 Metaspace       used 94004K, capacity 98228K, committed 98348K, reserved 1134592K
  class space    used 12188K, capacity 13115K, committed 13184K, reserved 1048576K
Event: 2815.833 GC heap after
Heap after GC invocations=16 (full 3):
 PSYoungGen      total 439296K, used 22315K [0x00000000e0000000, 0x0000000100000000, 0x0000000100000000)
  eden space 386560K, 0% used [0x00000000e0000000,0x00000000e0000000,0x00000000f7980000)
  from space 52736K, 42% used [0x00000000f7980000,0x00000000f8f4ac90,0x00000000fad00000)
  to   space 50176K, 0% used [0x00000000fcf00000,0x00000000fcf00000,0x0000000100000000)
 ParOldGen       total 229888K, used 85264K [0x00000000a0000000, 0x00000000ae080000, 0x00000000e0000000)
  object space 229888K, 37% used [0x00000000a0000000,0x00000000a53440c0,0x00000000ae080000)
 Metaspace       used 94004K, capacity 98228K, committed 98348K, reserved 1134592K
  class space    used 12188K, capacity 13115K, committed 13184K, reserved 1048576K
}
Event: 2815.833 GC heap before
{Heap before GC invocations=17 (full 4):
 PSYoungGen      total 439296K, used 22315K [0x00000000e0000000, 0x0000000100000000, 0x0000000100000000)
  eden space 386560K, 0% used [0x00000000e0000000,0x00000000e0000000,0x00000000f7980000)
  from space 52736K, 42% used [0x00000000f7980000,0x00000000f8f4ac90,0x00000000fad00000)
  to   space 50176K, 0% used [0x00000000fcf00000,0x00000000fcf00000,0x0000000100000000)
 ParOldGen       total 229888K, used 85264K [0x00000000a0000000, 0x00000000ae080000, 0x00000000e0000000)
  object space 229888K, 37% used [0x00000000a0000000,0x00000000a53440c0,0x00000000ae080000)
 Metaspace       used 94004K, capacity 98228K, committed 98348K, reserved 1134592K
  class space    used 12188K, capacity 13115K, committed 13184K, reserved 1048576K
Event: 2816.054 GC heap after
Heap after GC invocations=17 (full 4):
 PSYoungGen      total 439296K, used 0K [0x00000000e0000000, 0x0000000100000000, 0x0000000100000000)
  eden space 386560K, 0% used [0x00000000e0000000,0x00000000e0000000,0x00000000f7980000)
  from space 52736K, 0% used [0x00000000f7980000,0x00000000f7980000,0x00000000fad00000)
  to   space 50176K, 0% used [0x00000000fcf00000,0x00000000fcf00000,0x0000000100000000)
 ParOldGen       total 327168K, used 68935K [0x00000000a0000000, 0x00000000b3f80000, 0x00000000e0000000)
  object space 327168K, 21% used [0x00000000a0000000,0x00000000a4351e80,0x00000000b3f80000)
 Metaspace       used 93557K, capacity 97444K, committed 98348K, reserved 1134592K
  class space    used 12108K, capacity 12974K, committed 13184K, reserved 1048576K
}
Event: 2818.181 GC heap before
{Heap before GC invocations=18 (full 4):
 PSYoungGen      total 439296K, used 386560K [0x00000000e0000000, 0x0000000100000000, 0x0000000100000000)
  eden space 386560K, 100% used [0x00000000e0000000,0x00000000f7980000,0x00000000f7980000)
  from space 52736K, 0% used [0x00000000f7980000,0x00000000f7980000,0x00000000fad00000)
  to   space 50176K, 0% used [0x00000000fcf00000,0x00000000fcf00000,0x0000000100000000)
 ParOldGen       total 327168K, used 68935K [0x00000000a0000000, 0x00000000b3f80000, 0x00000000e0000000)
  object space 327168K, 21% used [0x00000000a0000000,0x00000000a4351e80,0x00000000b3f80000)
 Metaspace       used 94993K, capacity 99128K, committed 99840K, reserved 1136640K
  class space    used 12287K, capacity 13208K, committed 13312K, reserved 1048576K
Event: 2818.192 GC heap after
Heap after GC invocations=18 (full 4):
 PSYoungGen      total 466944K, used 15131K [0x00000000e0000000, 0x00000000ffb80000, 0x0000000100000000)
  eden space 421376K, 0% used [0x00000000e0000000,0x00000000e0000000,0x00000000f9b80000)
  from space 45568K, 33% used [0x00000000fcf00000,0x00000000fddc6d90,0x00000000ffb80000)
  to   space 49152K, 0% used [0x00000000f9b80000,0x00000000f9b80000,0x00000000fcb80000)
 ParOldGen       total 327168K, used 68935K [0x00000000a0000000, 0x00000000b3f80000, 0x00000000e0000000)
  object space 327168K, 21% used [0x00000000a0000000,0x00000000a4351e80,0x00000000b3f80000)
 Metaspace       used 94993K, capacity 99128K, committed 99840K, reserved 1136640K
  class space    used 12287K, capacity 13208K, committed 13312K, reserved 1048576K
}

