# JRE version: OpenJDK Runtime Environment (8.0_152-b01) (build 1.8.0_152-release-1024-b01)
# Java VM: OpenJDK 64-Bit Server VM (25.152-b01 mixed mode linux-amd64 compressed oops)
Heap:
 PSYoungGen      total 203776K, used 149457K [0x00000000e0000000, 0x00000000edf00000, 0x0000000100000000)
  eden space 188928K, 71% used [0x00000000e0000000,0x00000000e83788b8,0x00000000eb880000)
  from space 14848K, 99% used [0x00000000ecb80000,0x00000000ed9fbbe8,0x00000000eda00000)
  to   space 19456K, 0% used [0x00000000eb880000,0x00000000eb880000,0x00000000ecb80000)
 ParOldGen       total 159232K, used 21774K [0x00000000a0000000, 0x00000000a9b80000, 0x00000000e0000000)
  object space 159232K, 13% used [0x00000000a0000000,0x00000000a1543a48,0x00000000a9b80000)
 Metaspace       used 56180K, capacity 58056K, committed 58368K, reserved 1099776K
  class space    used 7628K, capacity 8095K, committed 8192K, reserved 1048576K
GC Heap History (10 events):
Event: 2.299 GC heap before
{Heap before GC invocations=6 (full 1):
 PSYoungGen      total 98304K, used 98259K [0x00000000e0000000, 0x00000000e8f00000, 0x0000000100000000)
  eden space 91136K, 100% used [0x00000000e0000000,0x00000000e5900000,0x00000000e5900000)
  from space 7168K, 99% used [0x00000000e8800000,0x00000000e8ef4d38,0x00000000e8f00000)
  to   space 10240K, 0% used [0x00000000e7b00000,0x00000000e7b00000,0x00000000e8500000)
 ParOldGen       total 110080K, used 8354K [0x00000000a0000000, 0x00000000a6b80000, 0x00000000e0000000)
  object space 110080K, 7% used [0x00000000a0000000,0x00000000a0828850,0x00000000a6b80000)
 Metaspace       used 33419K, capacity 34100K, committed 34432K, reserved 1079296K
  class space    used 4668K, capacity 4924K, committed 4992K, reserved 1048576K
Event: 2.308 GC heap after
Heap after GC invocations=6 (full 1):
 PSYoungGen      total 136192K, used 10237K [0x00000000e0000000, 0x00000000e9500000, 0x0000000100000000)
  eden space 125952K, 0% used [0x00000000e0000000,0x00000000e0000000,0x00000000e7b00000)
  from space 10240K, 99% used [0x00000000e7b00000,0x00000000e84ff708,0x00000000e8500000)
  to   space 13312K, 0% used [0x00000000e8800000,0x00000000e8800000,0x00000000e9500000)
 ParOldGen       total 110080K, used 10214K [0x00000000a0000000, 0x00000000a6b80000, 0x00000000e0000000)
  object space 110080K, 9% used [0x00000000a0000000,0x00000000a09f9a60,0x00000000a6b80000)
 Metaspace       used 33419K, capacity 34100K, committed 34432K, reserved 1079296K
  class space    used 4668K, capacity 4924K, committed 4992K, reserved 1048576K
}
Event: 2.350 GC heap before
{Heap before GC invocations=7 (full 1):
 PSYoungGen      total 136192K, used 17005K [0x00000000e0000000, 0x00000000e9500000, 0x0000000100000000)
  eden space 125952K, 5% used [0x00000000e0000000,0x00000000e069c038,0x00000000e7b00000)
  from space 10240K, 99% used [0x00000000e7b00000,0x00000000e84ff708,0x00000000e8500000)
  to   space 13312K, 0% used [0x00000000e8800000,0x00000000e8800000,0x00000000e9500000)
 ParOldGen       total 110080K, used 10214K [0x00000000a0000000, 0x00000000a6b80000, 0x00000000e0000000)
  object space 110080K, 9% used [0x00000000a0000000,0x00000000a09f9a60,0x00000000a6b80000)
 Metaspace       used 34434K, capacity 35148K, committed 35416K, reserved 1079296K
  class space    used 4757K, capacity 4998K, committed 5120K, reserved 1048576K
Event: 2.356 GC heap after
Heap after GC invocations=7 (full 1):
 PSYoungGen      total 139776K, used 7819K [0x00000000e0000000, 0x00000000ed680000, 0x0000000100000000)
  eden space 126464K, 0% used [0x00000000e0000000,0x00000000e0000000,0x00000000e7b80000)
  from space 13312K, 58% used [0x00000000e8800000,0x00000000e8fa2fe8,0x00000000e9500000)
  to   space 12800K, 0% used [0x00000000e7b80000,0x00000000e7b80000,0x00000000e8800000)
 ParOldGen       total 110080K, used 10214K [0x00000000a0000000, 0x00000000a6b80000, 0x00000000e0000000)
  object space 110080K, 9% used [0x00000000a0000000,0x00000000a09f9a60,0x00000000a6b80000)
 Metaspace       used 34434K, capacity 35148K, committed 35416K, reserved 1079296K
  class space    used 4757K, capacity 4998K, committed 5120K, reserved 1048576K
}
Event: 2.356 GC heap before
{Heap before GC invocations=8 (full 2):
 PSYoungGen      total 139776K, used 7819K [0x00000000e0000000, 0x00000000ed680000, 0x0000000100000000)
  eden space 126464K, 0% used [0x00000000e0000000,0x00000000e0000000,0x00000000e7b80000)
  from space 13312K, 58% used [0x00000000e8800000,0x00000000e8fa2fe8,0x00000000e9500000)
  to   space 12800K, 0% used [0x00000000e7b80000,0x00000000e7b80000,0x00000000e8800000)
 ParOldGen       total 110080K, used 10214K [0x00000000a0000000, 0x00000000a6b80000, 0x00000000e0000000)
  object space 110080K, 9% used [0x00000000a0000000,0x00000000a09f9a60,0x00000000a6b80000)
 Metaspace       used 34434K, capacity 35148K, committed 35416K, reserved 1079296K
  class space    used 4757K, capacity 4998K, committed 5120K, reserved 1048576K
Event: 2.386 GC heap after
Heap after GC invocations=8 (full 2):
 PSYoungGen      total 139776K, used 0K [0x00000000e0000000, 0x00000000ed680000, 0x0000000100000000)
  eden space 126464K, 0% used [0x00000000e0000000,0x00000000e0000000,0x00000000e7b80000)
  from space 13312K, 0% used [0x00000000e8800000,0x00000000e8800000,0x00000000e9500000)
  to   space 12800K, 0% used [0x00000000e7b80000,0x00000000e7b80000,0x00000000e8800000)
 ParOldGen       total 159232K, used 14455K [0x00000000a0000000, 0x00000000a9b80000, 0x00000000e0000000)
  object space 159232K, 9% used [0x00000000a0000000,0x00000000a0e1df30,0x00000000a9b80000)
 Metaspace       used 34434K, capacity 35148K, committed 35416K, reserved 1079296K
  class space    used 4757K, capacity 4998K, committed 5120K, reserved 1048576K
}
Event: 3.157 GC heap before
{Heap before GC invocations=9 (full 2):
 PSYoungGen      total 139776K, used 126464K [0x00000000e0000000, 0x00000000ed680000, 0x0000000100000000)
  eden space 126464K, 100% used [0x00000000e0000000,0x00000000e7b80000,0x00000000e7b80000)
  from space 13312K, 0% used [0x00000000e8800000,0x00000000e8800000,0x00000000e9500000)
  to   space 12800K, 0% used [0x00000000e7b80000,0x00000000e7b80000,0x00000000e8800000)
 ParOldGen       total 159232K, used 14455K [0x00000000a0000000, 0x00000000a9b80000, 0x00000000e0000000)
  object space 159232K, 9% used [0x00000000a0000000,0x00000000a0e1df30,0x00000000a9b80000)
 Metaspace       used 42326K, capacity 43292K, committed 43648K, reserved 1087488K
  class space    used 5854K, capacity 6169K, committed 6272K, reserved 1048576K
Event: 3.164 GC heap after
Heap after GC invocations=9 (full 2):
 PSYoungGen      total 139264K, used 12785K [0x00000000e0000000, 0x00000000eda00000, 0x0000000100000000)
  eden space 126464K, 0% used [0x00000000e0000000,0x00000000e0000000,0x00000000e7b80000)
  from space 12800K, 99% used [0x00000000e7b80000,0x00000000e87fc748,0x00000000e8800000)
  to   space 14848K, 0% used [0x00000000ecb80000,0x00000000ecb80000,0x00000000eda00000)
 ParOldGen       total 159232K, used 15399K [0x00000000a0000000, 0x00000000a9b80000, 0x00000000e0000000)
  object space 159232K, 9% used [0x00000000a0000000,0x00000000a0f09c88,0x00000000a9b80000)
 Metaspace       used 42326K, capacity 43292K, committed 43648K, reserved 1087488K
  class space    used 5854K, capacity 6169K, committed 6272K, reserved 1048576K
}
Event: 4.240 GC heap before
{Heap before GC invocations=10 (full 2):
 PSYoungGen      total 139264K, used 139249K [0x00000000e0000000, 0x00000000eda00000, 0x0000000100000000)
  eden space 126464K, 100% used [0x00000000e0000000,0x00000000e7b80000,0x00000000e7b80000)
  from space 12800K, 99% used [0x00000000e7b80000,0x00000000e87fc748,0x00000000e8800000)
  to   space 14848K, 0% used [0x00000000ecb80000,0x00000000ecb80000,0x00000000eda00000)
 ParOldGen       total 159232K, used 15399K [0x00000000a0000000, 0x00000000a9b80000, 0x00000000e0000000)
  object space 159232K, 9% used [0x00000000a0000000,0x00000000a0f09c88,0x00000000a9b80000)
 Metaspace       used 52149K, capacity 53764K, committed 54016K, reserved 1095680K
  class space    used 7178K, capacity 7599K, committed 7680K, reserved 1048576K
Event: 4.259 GC heap after
Heap after GC invocations=10 (full 2):
 PSYoungGen      total 203776K, used 14830K [0x00000000e0000000, 0x00000000edf00000, 0x0000000100000000)
  eden space 188928K, 0% used [0x00000000e0000000,0x00000000e0000000,0x00000000eb880000)
  from space 14848K, 99% used [0x00000000ecb80000,0x00000000ed9fbbe8,0x00000000eda00000)
  to   space 19456K, 0% used [0x00000000eb880000,0x00000000eb880000,0x00000000ecb80000)
 ParOldGen       total 159232K, used 21774K [0x00000000a0000000, 0x00000000a9b80000, 0x00000000e0000000)
  object space 159232K, 13% used [0x00000000a0000000,0x00000000a1543a48,0x00000000a9b80000)
 Metaspace       used 52149K, capacity 53764K, committed 54016K, reserved 1095680K
  class space    used 7178K, capacity 7599K, committed 7680K, reserved 1048576K
}

