# JRE version: OpenJDK Runtime Environment (8.0_152-b01) (build 1.8.0_152-release-1024-b01)
# Java VM: OpenJDK 64-Bit Server VM (25.152-b01 mixed mode linux-amd64 compressed oops)
Heap:
 PSYoungGen      total 438272K, used 121186K [0x00000000e0000000, 0x00000000ffa80000, 0x0000000100000000)
  eden space 389632K, 18% used [0x00000000e0000000,0x00000000e4751ef0,0x00000000f7c80000)
  from space 48640K, 99% used [0x00000000f8900000,0x00000000fb8069d8,0x00000000fb880000)
  to   space 64512K, 0% used [0x00000000fbb80000,0x00000000fbb80000,0x00000000ffa80000)
 ParOldGen       total 270336K, used 92663K [0x00000000a0000000, 0x00000000b0800000, 0x00000000e0000000)
  object space 270336K, 34% used [0x00000000a0000000,0x00000000a5a7dc38,0x00000000b0800000)
 Metaspace       used 86747K, capacity 92020K, committed 92248K, reserved 1130496K
  class space    used 11087K, capacity 12092K, committed 12120K, reserved 1048576K
GC Heap History (10 events):
Event: 32.186 GC heap before
{Heap before GC invocations=24 (full 3):
 PSYoungGen      total 463360K, used 462408K [0x00000000e0000000, 0x0000000100000000, 0x0000000100000000)
  eden space 435200K, 99% used [0x00000000e0000000,0x00000000fa817178,0x00000000fa900000)
  from space 28160K, 99% used [0x00000000fe480000,0x00000000ffffaec8,0x0000000100000000)
  to   space 44544K, 0% used [0x00000000fa900000,0x00000000fa900000,0x00000000fd480000)
 ParOldGen       total 270336K, used 83902K [0x00000000a0000000, 0x00000000b0800000, 0x00000000e0000000)
  object space 270336K, 31% used [0x00000000a0000000,0x00000000a51efbc0,0x00000000b0800000)
 Metaspace       used 76625K, capacity 80656K, committed 80856K, reserved 1120256K
  class space    used 10028K, capacity 10898K, committed 10968K, reserved 1048576K
Event: 32.226 GC heap after
Heap after GC invocations=24 (full 3):
 PSYoungGen      total 473088K, used 37757K [0x00000000e0000000, 0x0000000100000000, 0x0000000100000000)
  eden space 435200K, 0% used [0x00000000e0000000,0x00000000e0000000,0x00000000fa900000)
  from space 37888K, 99% used [0x00000000fa900000,0x00000000fcddf6a8,0x00000000fce00000)
  to   space 48128K, 0% used [0x00000000fd100000,0x00000000fd100000,0x0000000100000000)
 ParOldGen       total 270336K, used 83902K [0x00000000a0000000, 0x00000000b0800000, 0x00000000e0000000)
  object space 270336K, 31% used [0x00000000a0000000,0x00000000a51efbc0,0x00000000b0800000)
 Metaspace       used 76625K, capacity 80656K, committed 80856K, reserved 1120256K
  class space    used 10028K, capacity 10898K, committed 10968K, reserved 1048576K
}
Event: 204.326 GC heap before
{Heap before GC invocations=25 (full 3):
 PSYoungGen      total 473088K, used 472957K [0x00000000e0000000, 0x0000000100000000, 0x0000000100000000)
  eden space 435200K, 100% used [0x00000000e0000000,0x00000000fa900000,0x00000000fa900000)
  from space 37888K, 99% used [0x00000000fa900000,0x00000000fcddf6a8,0x00000000fce00000)
  to   space 48128K, 0% used [0x00000000fd100000,0x00000000fd100000,0x0000000100000000)
 ParOldGen       total 270336K, used 83902K [0x00000000a0000000, 0x00000000b0800000, 0x00000000e0000000)
  object space 270336K, 31% used [0x00000000a0000000,0x00000000a51efbc0,0x00000000b0800000)
 Metaspace       used 83562K, capacity 87860K, committed 88152K, reserved 1126400K
  class space    used 10904K, capacity 11792K, committed 11864K, reserved 1048576K
Event: 204.385 GC heap after
Heap after GC invocations=25 (full 3):
 PSYoungGen      total 462848K, used 48120K [0x00000000e0000000, 0x0000000100000000, 0x0000000100000000)
  eden space 414720K, 0% used [0x00000000e0000000,0x00000000e0000000,0x00000000f9500000)
  from space 48128K, 99% used [0x00000000fd100000,0x00000000ffffe338,0x0000000100000000)
  to   space 54784K, 0% used [0x00000000f9500000,0x00000000f9500000,0x00000000fca80000)
 ParOldGen       total 270336K, used 84494K [0x00000000a0000000, 0x00000000b0800000, 0x00000000e0000000)
  object space 270336K, 31% used [0x00000000a0000000,0x00000000a5283a28,0x00000000b0800000)
 Metaspace       used 83562K, capacity 87860K, committed 88152K, reserved 1126400K
  class space    used 10904K, capacity 11792K, committed 11864K, reserved 1048576K
}
Event: 476.669 GC heap before
{Heap before GC invocations=26 (full 3):
 PSYoungGen      total 462848K, used 462840K [0x00000000e0000000, 0x0000000100000000, 0x0000000100000000)
  eden space 414720K, 100% used [0x00000000e0000000,0x00000000f9500000,0x00000000f9500000)
  from space 48128K, 99% used [0x00000000fd100000,0x00000000ffffe338,0x0000000100000000)
  to   space 54784K, 0% used [0x00000000f9500000,0x00000000f9500000,0x00000000fca80000)
 ParOldGen       total 270336K, used 84494K [0x00000000a0000000, 0x00000000b0800000, 0x00000000e0000000)
  object space 270336K, 31% used [0x00000000a0000000,0x00000000a5283a28,0x00000000b0800000)
 Metaspace       used 85232K, capacity 89932K, committed 90072K, reserved 1128448K
  class space    used 10988K, capacity 11916K, committed 11992K, reserved 1048576K
Event: 476.752 GC heap after
Heap after GC invocations=26 (full 3):
 PSYoungGen      total 456704K, used 41671K [0x00000000e0000000, 0x0000000100000000, 0x0000000100000000)
  eden space 414720K, 0% used [0x00000000e0000000,0x00000000e0000000,0x00000000f9500000)
  from space 41984K, 99% used [0x00000000f9500000,0x00000000fbdb1f30,0x00000000fbe00000)
  to   space 57856K, 0% used [0x00000000fc780000,0x00000000fc780000,0x0000000100000000)
 ParOldGen       total 270336K, used 90133K [0x00000000a0000000, 0x00000000b0800000, 0x00000000e0000000)
  object space 270336K, 33% used [0x00000000a0000000,0x00000000a58056c8,0x00000000b0800000)
 Metaspace       used 85232K, capacity 89932K, committed 90072K, reserved 1128448K
  class space    used 10988K, capacity 11916K, committed 11992K, reserved 1048576K
}
Event: 698.574 GC heap before
{Heap before GC invocations=27 (full 3):
 PSYoungGen      total 456704K, used 456391K [0x00000000e0000000, 0x0000000100000000, 0x0000000100000000)
  eden space 414720K, 100% used [0x00000000e0000000,0x00000000f9500000,0x00000000f9500000)
  from space 41984K, 99% used [0x00000000f9500000,0x00000000fbdb1f30,0x00000000fbe00000)
  to   space 57856K, 0% used [0x00000000fc780000,0x00000000fc780000,0x0000000100000000)
 ParOldGen       total 270336K, used 90133K [0x00000000a0000000, 0x00000000b0800000, 0x00000000e0000000)
  object space 270336K, 33% used [0x00000000a0000000,0x00000000a58056c8,0x00000000b0800000)
 Metaspace       used 86145K, capacity 91352K, committed 91480K, reserved 1128448K
  class space    used 11065K, capacity 12056K, committed 12120K, reserved 1048576K
Event: 698.623 GC heap after
Heap after GC invocations=27 (full 3):
 PSYoungGen      total 460288K, used 43978K [0x00000000e0000000, 0x0000000100000000, 0x0000000100000000)
  eden space 402432K, 0% used [0x00000000e0000000,0x00000000e0000000,0x00000000f8900000)
  from space 57856K, 76% used [0x00000000fc780000,0x00000000ff2729a8,0x0000000100000000)
  to   space 60928K, 0% used [0x00000000f8900000,0x00000000f8900000,0x00000000fc480000)
 ParOldGen       total 270336K, used 90141K [0x00000000a0000000, 0x00000000b0800000, 0x00000000e0000000)
  object space 270336K, 33% used [0x00000000a0000000,0x00000000a58076c8,0x00000000b0800000)
 Metaspace       used 86145K, capacity 91352K, committed 91480K, reserved 1128448K
  class space    used 11065K, capacity 12056K, committed 12120K, reserved 1048576K
}
Event: 5225.931 GC heap before
{Heap before GC invocations=28 (full 3):
 PSYoungGen      total 460288K, used 446410K [0x00000000e0000000, 0x0000000100000000, 0x0000000100000000)
  eden space 402432K, 100% used [0x00000000e0000000,0x00000000f8900000,0x00000000f8900000)
  from space 57856K, 76% used [0x00000000fc780000,0x00000000ff2729a8,0x0000000100000000)
  to   space 60928K, 0% used [0x00000000f8900000,0x00000000f8900000,0x00000000fc480000)
 ParOldGen       total 270336K, used 90141K [0x00000000a0000000, 0x00000000b0800000, 0x00000000e0000000)
  object space 270336K, 33% used [0x00000000a0000000,0x00000000a58076c8,0x00000000b0800000)
 Metaspace       used 86704K, capacity 91956K, committed 91992K, reserved 1128448K
  class space    used 11087K, capacity 12092K, committed 12120K, reserved 1048576K
Event: 5225.975 GC heap after
Heap after GC invocations=28 (full 3):
 PSYoungGen      total 438272K, used 48154K [0x00000000e0000000, 0x00000000ffa80000, 0x0000000100000000)
  eden space 389632K, 0% used [0x00000000e0000000,0x00000000e0000000,0x00000000f7c80000)
  from space 48640K, 99% used [0x00000000f8900000,0x00000000fb8069d8,0x00000000fb880000)
  to   space 64512K, 0% used [0x00000000fbb80000,0x00000000fbb80000,0x00000000ffa80000)
 ParOldGen       total 270336K, used 92663K [0x00000000a0000000, 0x00000000b0800000, 0x00000000e0000000)
  object space 270336K, 34% used [0x00000000a0000000,0x00000000a5a7dc38,0x00000000b0800000)
 Metaspace       used 86704K, capacity 91956K, committed 91992K, reserved 1128448K
  class space    used 11087K, capacity 12092K, committed 12120K, reserved 1048576K
}

