# JRE version: OpenJDK Runtime Environment (8.0_152-b01) (build 1.8.0_152-release-1024-b01)
# Java VM: OpenJDK 64-Bit Server VM (25.152-b01 mixed mode linux-amd64 compressed oops)
Heap:
 PSYoungGen      total 303104K, used 155942K [0x00000000e0000000, 0x00000000f8800000, 0x0000000100000000)
  eden space 273408K, 49% used [0x00000000e0000000,0x00000000e855fb68,0x00000000f0b00000)
  from space 29696K, 65% used [0x00000000f0b00000,0x00000000f1de9cf8,0x00000000f2800000)
  to   space 29696K, 0% used [0x00000000f6b00000,0x00000000f6b00000,0x00000000f8800000)
 ParOldGen       total 223744K, used 32548K [0x00000000a0000000, 0x00000000ada80000, 0x00000000e0000000)
  object space 223744K, 14% used [0x00000000a0000000,0x00000000a1fc9200,0x00000000ada80000)
 Metaspace       used 69695K, capacity 72108K, committed 72340K, reserved 1112064K
  class space    used 9026K, capacity 9575K, committed 9660K, reserved 1048576K
GC Heap History (10 events):
Event: 6.757 GC heap before
{Heap before GC invocations=10 (full 2):
 PSYoungGen      total 168448K, used 168422K [0x00000000e0000000, 0x00000000f0300000, 0x0000000100000000)
  eden space 153088K, 100% used [0x00000000e0000000,0x00000000e9580000,0x00000000e9580000)
  from space 15360K, 99% used [0x00000000e9580000,0x00000000ea479bd8,0x00000000ea480000)
  to   space 20480K, 0% used [0x00000000eef00000,0x00000000eef00000,0x00000000f0300000)
 ParOldGen       total 161280K, used 26317K [0x00000000a0000000, 0x00000000a9d80000, 0x00000000e0000000)
  object space 161280K, 16% used [0x00000000a0000000,0x00000000a19b3660,0x00000000a9d80000)
 Metaspace       used 56664K, capacity 58312K, committed 58456K, reserved 1099776K
  class space    used 7624K, capacity 8009K, committed 8064K, reserved 1048576K
Event: 6.787 GC heap after
Heap after GC invocations=10 (full 2):
 PSYoungGen      total 236032K, used 20468K [0x00000000e0000000, 0x00000000f1880000, 0x0000000100000000)
  eden space 215552K, 0% used [0x00000000e0000000,0x00000000e0000000,0x00000000ed280000)
  from space 20480K, 99% used [0x00000000eef00000,0x00000000f02fd090,0x00000000f0300000)
  to   space 29184K, 0% used [0x00000000ed280000,0x00000000ed280000,0x00000000eef00000)
 ParOldGen       total 161280K, used 39584K [0x00000000a0000000, 0x00000000a9d80000, 0x00000000e0000000)
  object space 161280K, 24% used [0x00000000a0000000,0x00000000a26a8178,0x00000000a9d80000)
 Metaspace       used 56664K, capacity 58312K, committed 58456K, reserved 1099776K
  class space    used 7624K, capacity 8009K, committed 8064K, reserved 1048576K
}
Event: 7.470 GC heap before
{Heap before GC invocations=11 (full 2):
 PSYoungGen      total 236032K, used 101749K [0x00000000e0000000, 0x00000000f1880000, 0x0000000100000000)
  eden space 215552K, 37% used [0x00000000e0000000,0x00000000e4f60690,0x00000000ed280000)
  from space 20480K, 99% used [0x00000000eef00000,0x00000000f02fd090,0x00000000f0300000)
  to   space 29184K, 0% used [0x00000000ed280000,0x00000000ed280000,0x00000000eef00000)
 ParOldGen       total 161280K, used 39584K [0x00000000a0000000, 0x00000000a9d80000, 0x00000000e0000000)
  object space 161280K, 24% used [0x00000000a0000000,0x00000000a26a8178,0x00000000a9d80000)
 Metaspace       used 57221K, capacity 58932K, committed 59028K, reserved 1099776K
  class space    used 7660K, capacity 8081K, committed 8124K, reserved 1048576K
Event: 7.492 GC heap after
Heap after GC invocations=11 (full 2):
 PSYoungGen      total 244736K, used 19503K [0x00000000e0000000, 0x00000000f4f00000, 0x0000000100000000)
  eden space 215552K, 0% used [0x00000000e0000000,0x00000000e0000000,0x00000000ed280000)
  from space 29184K, 66% used [0x00000000ed280000,0x00000000ee58bfb0,0x00000000eef00000)
  to   space 29696K, 0% used [0x00000000f3200000,0x00000000f3200000,0x00000000f4f00000)
 ParOldGen       total 161280K, used 39592K [0x00000000a0000000, 0x00000000a9d80000, 0x00000000e0000000)
  object space 161280K, 24% used [0x00000000a0000000,0x00000000a26aa178,0x00000000a9d80000)
 Metaspace       used 57221K, capacity 58932K, committed 59028K, reserved 1099776K
  class space    used 7660K, capacity 8081K, committed 8124K, reserved 1048576K
}
Event: 7.492 GC heap before
{Heap before GC invocations=12 (full 3):
 PSYoungGen      total 244736K, used 19503K [0x00000000e0000000, 0x00000000f4f00000, 0x0000000100000000)
  eden space 215552K, 0% used [0x00000000e0000000,0x00000000e0000000,0x00000000ed280000)
  from space 29184K, 66% used [0x00000000ed280000,0x00000000ee58bfb0,0x00000000eef00000)
  to   space 29696K, 0% used [0x00000000f3200000,0x00000000f3200000,0x00000000f4f00000)
 ParOldGen       total 161280K, used 39592K [0x00000000a0000000, 0x00000000a9d80000, 0x00000000e0000000)
  object space 161280K, 24% used [0x00000000a0000000,0x00000000a26aa178,0x00000000a9d80000)
 Metaspace       used 57221K, capacity 58932K, committed 59028K, reserved 1099776K
  class space    used 7660K, capacity 8081K, committed 8124K, reserved 1048576K
Event: 7.619 GC heap after
Heap after GC invocations=12 (full 3):
 PSYoungGen      total 244736K, used 0K [0x00000000e0000000, 0x00000000f4f00000, 0x0000000100000000)
  eden space 215552K, 0% used [0x00000000e0000000,0x00000000e0000000,0x00000000ed280000)
  from space 29184K, 0% used [0x00000000ed280000,0x00000000ed280000,0x00000000eef00000)
  to   space 29696K, 0% used [0x00000000f3200000,0x00000000f3200000,0x00000000f4f00000)
 ParOldGen       total 223744K, used 32522K [0x00000000a0000000, 0x00000000ada80000, 0x00000000e0000000)
  object space 223744K, 14% used [0x00000000a0000000,0x00000000a1fc2920,0x00000000ada80000)
 Metaspace       used 57221K, capacity 58932K, committed 59028K, reserved 1099776K
  class space    used 7660K, capacity 8081K, committed 8124K, reserved 1048576K
}
Event: 22.616 GC heap before
{Heap before GC invocations=13 (full 3):
 PSYoungGen      total 244736K, used 215552K [0x00000000e0000000, 0x00000000f4f00000, 0x0000000100000000)
  eden space 215552K, 100% used [0x00000000e0000000,0x00000000ed280000,0x00000000ed280000)
  from space 29184K, 0% used [0x00000000ed280000,0x00000000ed280000,0x00000000eef00000)
  to   space 29696K, 0% used [0x00000000f3200000,0x00000000f3200000,0x00000000f4f00000)
 ParOldGen       total 223744K, used 32524K [0x00000000a0000000, 0x00000000ada80000, 0x00000000e0000000)
  object space 223744K, 14% used [0x00000000a0000000,0x00000000a1fc3200,0x00000000ada80000)
 Metaspace       used 65953K, capacity 68128K, committed 68244K, reserved 1107968K
  class space    used 8628K, capacity 9117K, committed 9148K, reserved 1048576K
Event: 22.631 GC heap after
Heap after GC invocations=13 (full 3):
 PSYoungGen      total 290816K, used 19016K [0x00000000e0000000, 0x00000000f4500000, 0x0000000100000000)
  eden space 271360K, 0% used [0x00000000e0000000,0x00000000e0000000,0x00000000f0900000)
  from space 19456K, 97% used [0x00000000f3200000,0x00000000f44920c0,0x00000000f4500000)
  to   space 29696K, 0% used [0x00000000f0b00000,0x00000000f0b00000,0x00000000f2800000)
 ParOldGen       total 223744K, used 32532K [0x00000000a0000000, 0x00000000ada80000, 0x00000000e0000000)
  object space 223744K, 14% used [0x00000000a0000000,0x00000000a1fc5200,0x00000000ada80000)
 Metaspace       used 65953K, capacity 68128K, committed 68244K, reserved 1107968K
  class space    used 8628K, capacity 9117K, committed 9148K, reserved 1048576K
}
Event: 23.475 GC heap before
{Heap before GC invocations=14 (full 3):
 PSYoungGen      total 290816K, used 289621K [0x00000000e0000000, 0x00000000f4500000, 0x0000000100000000)
  eden space 271360K, 99% used [0x00000000e0000000,0x00000000f0843568,0x00000000f0900000)
  from space 19456K, 97% used [0x00000000f3200000,0x00000000f44920c0,0x00000000f4500000)
  to   space 29696K, 0% used [0x00000000f0b00000,0x00000000f0b00000,0x00000000f2800000)
 ParOldGen       total 223744K, used 32532K [0x00000000a0000000, 0x00000000ada80000, 0x00000000e0000000)
  object space 223744K, 14% used [0x00000000a0000000,0x00000000a1fc5200,0x00000000ada80000)
 Metaspace       used 69330K, capacity 71638K, committed 71700K, reserved 1112064K
  class space    used 8970K, capacity 9492K, committed 9532K, reserved 1048576K
Event: 23.492 GC heap after
Heap after GC invocations=14 (full 3):
 PSYoungGen      total 303104K, used 19367K [0x00000000e0000000, 0x00000000f8800000, 0x0000000100000000)
  eden space 273408K, 0% used [0x00000000e0000000,0x00000000e0000000,0x00000000f0b00000)
  from space 29696K, 65% used [0x00000000f0b00000,0x00000000f1de9cf8,0x00000000f2800000)
  to   space 29696K, 0% used [0x00000000f6b00000,0x00000000f6b00000,0x00000000f8800000)
 ParOldGen       total 223744K, used 32548K [0x00000000a0000000, 0x00000000ada80000, 0x00000000e0000000)
  object space 223744K, 14% used [0x00000000a0000000,0x00000000a1fc9200,0x00000000ada80000)
 Metaspace       used 69330K, capacity 71638K, committed 71700K, reserved 1112064K
  class space    used 8970K, capacity 9492K, committed 9532K, reserved 1048576K
}

