# JRE version: OpenJDK Runtime Environment (8.0_152-b01) (build 1.8.0_152-release-1024-b01)
# Java VM: OpenJDK 64-Bit Server VM (25.152-b01 mixed mode linux-amd64 compressed oops)
Heap:
 PSYoungGen      total 455168K, used 128625K [0x00000000e0000000, 0x0000000100000000, 0x0000000100000000)
  eden space 393216K, 20% used [0x00000000e0000000,0x00000000e4db1df8,0x00000000f8000000)
  from space 61952K, 79% used [0x00000000fc380000,0x00000000ff36a668,0x0000000100000000)
  to   space 65536K, 0% used [0x00000000f8000000,0x00000000f8000000,0x00000000fc000000)
 ParOldGen       total 322048K, used 67239K [0x00000000a0000000, 0x00000000b3a80000, 0x00000000e0000000)
  object space 322048K, 20% used [0x00000000a0000000,0x00000000a41a9d78,0x00000000b3a80000)
 Metaspace       used 112718K, capacity 121256K, committed 121548K, reserved 1155072K
  class space    used 14546K, capacity 16260K, committed 16332K, reserved 1048576K
GC Heap History (10 events):
Event: 1588.761 GC heap before
{Heap before GC invocations=24 (full 4):
 PSYoungGen      total 473600K, used 473580K [0x00000000e0000000, 0x0000000100000000, 0x0000000100000000)
  eden space 431104K, 100% used [0x00000000e0000000,0x00000000fa500000,0x00000000fa500000)
  from space 42496K, 99% used [0x00000000fa500000,0x00000000fce7b240,0x00000000fce80000)
  to   space 48640K, 0% used [0x00000000fd080000,0x00000000fd080000,0x0000000100000000)
 ParOldGen       total 322048K, used 67199K [0x00000000a0000000, 0x00000000b3a80000, 0x00000000e0000000)
  object space 322048K, 20% used [0x00000000a0000000,0x00000000a419fd78,0x00000000b3a80000)
 Metaspace       used 110786K, capacity 118010K, committed 118092K, reserved 1150976K
  class space    used 14341K, capacity 15885K, committed 15948K, reserved 1048576K
Event: 1588.792 GC heap after
Heap after GC invocations=24 (full 4):
 PSYoungGen      total 465408K, used 44970K [0x00000000e0000000, 0x0000000100000000, 0x0000000100000000)
  eden space 416768K, 0% used [0x00000000e0000000,0x00000000e0000000,0x00000000f9700000)
  from space 48640K, 92% used [0x00000000fd080000,0x00000000ffc6aa48,0x0000000100000000)
  to   space 53760K, 0% used [0x00000000f9700000,0x00000000f9700000,0x00000000fcb80000)
 ParOldGen       total 322048K, used 67207K [0x00000000a0000000, 0x00000000b3a80000, 0x00000000e0000000)
  object space 322048K, 20% used [0x00000000a0000000,0x00000000a41a1d78,0x00000000b3a80000)
 Metaspace       used 110786K, capacity 118010K, committed 118092K, reserved 1150976K
  class space    used 14341K, capacity 15885K, committed 15948K, reserved 1048576K
}
Event: 1668.462 GC heap before
{Heap before GC invocations=25 (full 4):
 PSYoungGen      total 465408K, used 461738K [0x00000000e0000000, 0x0000000100000000, 0x0000000100000000)
  eden space 416768K, 100% used [0x00000000e0000000,0x00000000f9700000,0x00000000f9700000)
  from space 48640K, 92% used [0x00000000fd080000,0x00000000ffc6aa48,0x0000000100000000)
  to   space 53760K, 0% used [0x00000000f9700000,0x00000000f9700000,0x00000000fcb80000)
 ParOldGen       total 322048K, used 67207K [0x00000000a0000000, 0x00000000b3a80000, 0x00000000e0000000)
  object space 322048K, 20% used [0x00000000a0000000,0x00000000a41a1d78,0x00000000b3a80000)
 Metaspace       used 110894K, capacity 118224K, committed 118348K, reserved 1150976K
  class space    used 14348K, capacity 15898K, committed 15948K, reserved 1048576K
Event: 1668.489 GC heap after
Heap after GC invocations=25 (full 4):
 PSYoungGen      total 459264K, used 42261K [0x00000000e0000000, 0x0000000100000000, 0x0000000100000000)
  eden space 416768K, 0% used [0x00000000e0000000,0x00000000e0000000,0x00000000f9700000)
  from space 42496K, 99% used [0x00000000f9700000,0x00000000fc0454c8,0x00000000fc080000)
  to   space 56832K, 0% used [0x00000000fc880000,0x00000000fc880000,0x0000000100000000)
 ParOldGen       total 322048K, used 67215K [0x00000000a0000000, 0x00000000b3a80000, 0x00000000e0000000)
  object space 322048K, 20% used [0x00000000a0000000,0x00000000a41a3d78,0x00000000b3a80000)
 Metaspace       used 110894K, capacity 118224K, committed 118348K, reserved 1150976K
  class space    used 14348K, capacity 15898K, committed 15948K, reserved 1048576K
}
Event: 1827.577 GC heap before
{Heap before GC invocations=26 (full 4):
 PSYoungGen      total 459264K, used 459029K [0x00000000e0000000, 0x0000000100000000, 0x0000000100000000)
  eden space 416768K, 100% used [0x00000000e0000000,0x00000000f9700000,0x00000000f9700000)
  from space 42496K, 99% used [0x00000000f9700000,0x00000000fc0454c8,0x00000000fc080000)
  to   space 56832K, 0% used [0x00000000fc880000,0x00000000fc880000,0x0000000100000000)
 ParOldGen       total 322048K, used 67215K [0x00000000a0000000, 0x00000000b3a80000, 0x00000000e0000000)
  object space 322048K, 20% used [0x00000000a0000000,0x00000000a41a3d78,0x00000000b3a80000)
 Metaspace       used 111393K, capacity 118850K, committed 118988K, reserved 1153024K
  class space    used 14381K, capacity 15959K, committed 16076K, reserved 1048576K
Event: 1827.604 GC heap after
Heap after GC invocations=26 (full 4):
 PSYoungGen      total 461312K, used 44241K [0x00000000e0000000, 0x0000000100000000, 0x0000000100000000)
  eden space 404480K, 0% used [0x00000000e0000000,0x00000000e0000000,0x00000000f8b00000)
  from space 56832K, 77% used [0x00000000fc880000,0x00000000ff3b46a8,0x0000000100000000)
  to   space 59904K, 0% used [0x00000000f8b00000,0x00000000f8b00000,0x00000000fc580000)
 ParOldGen       total 322048K, used 67223K [0x00000000a0000000, 0x00000000b3a80000, 0x00000000e0000000)
  object space 322048K, 20% used [0x00000000a0000000,0x00000000a41a5d78,0x00000000b3a80000)
 Metaspace       used 111393K, capacity 118850K, committed 118988K, reserved 1153024K
  class space    used 14381K, capacity 15959K, committed 16076K, reserved 1048576K
}
Event: 2052.245 GC heap before
{Heap before GC invocations=27 (full 4):
 PSYoungGen      total 461312K, used 448715K [0x00000000e0000000, 0x0000000100000000, 0x0000000100000000)
  eden space 404480K, 99% used [0x00000000e0000000,0x00000000f8afe708,0x00000000f8b00000)
  from space 56832K, 77% used [0x00000000fc880000,0x00000000ff3b46a8,0x0000000100000000)
  to   space 59904K, 0% used [0x00000000f8b00000,0x00000000f8b00000,0x00000000fc580000)
 ParOldGen       total 322048K, used 67223K [0x00000000a0000000, 0x00000000b3a80000, 0x00000000e0000000)
  object space 322048K, 20% used [0x00000000a0000000,0x00000000a41a5d78,0x00000000b3a80000)
 Metaspace       used 112456K, capacity 120952K, committed 121036K, reserved 1155072K
  class space    used 14541K, capacity 16254K, committed 16332K, reserved 1048576K
Event: 2052.276 GC heap after
Heap after GC invocations=27 (full 4):
 PSYoungGen      total 449536K, used 44604K [0x00000000e0000000, 0x0000000100000000, 0x0000000100000000)
  eden space 404480K, 0% used [0x00000000e0000000,0x00000000e0000000,0x00000000f8b00000)
  from space 45056K, 98% used [0x00000000f8b00000,0x00000000fb68f2f8,0x00000000fb700000)
  to   space 61952K, 0% used [0x00000000fc380000,0x00000000fc380000,0x0000000100000000)
 ParOldGen       total 322048K, used 67231K [0x00000000a0000000, 0x00000000b3a80000, 0x00000000e0000000)
  object space 322048K, 20% used [0x00000000a0000000,0x00000000a41a7d78,0x00000000b3a80000)
 Metaspace       used 112456K, capacity 120952K, committed 121036K, reserved 1155072K
  class space    used 14541K, capacity 16254K, committed 16332K, reserved 1048576K
}
Event: 2360.858 GC heap before
{Heap before GC invocations=28 (full 4):
 PSYoungGen      total 449536K, used 449084K [0x00000000e0000000, 0x0000000100000000, 0x0000000100000000)
  eden space 404480K, 100% used [0x00000000e0000000,0x00000000f8b00000,0x00000000f8b00000)
  from space 45056K, 98% used [0x00000000f8b00000,0x00000000fb68f2f8,0x00000000fb700000)
  to   space 61952K, 0% used [0x00000000fc380000,0x00000000fc380000,0x0000000100000000)
 ParOldGen       total 322048K, used 67231K [0x00000000a0000000, 0x00000000b3a80000, 0x00000000e0000000)
  object space 322048K, 20% used [0x00000000a0000000,0x00000000a41a7d78,0x00000000b3a80000)
 Metaspace       used 112714K, capacity 121256K, committed 121548K, reserved 1155072K
  class space    used 14546K, capacity 16260K, committed 16332K, reserved 1048576K
Event: 2360.881 GC heap after
Heap after GC invocations=28 (full 4):
 PSYoungGen      total 455168K, used 49065K [0x00000000e0000000, 0x0000000100000000, 0x0000000100000000)
  eden space 393216K, 0% used [0x00000000e0000000,0x00000000e0000000,0x00000000f8000000)
  from space 61952K, 79% used [0x00000000fc380000,0x00000000ff36a668,0x0000000100000000)
  to   space 65536K, 0% used [0x00000000f8000000,0x00000000f8000000,0x00000000fc000000)
 ParOldGen       total 322048K, used 67239K [0x00000000a0000000, 0x00000000b3a80000, 0x00000000e0000000)
  object space 322048K, 20% used [0x00000000a0000000,0x00000000a41a9d78,0x00000000b3a80000)
 Metaspace       used 112714K, capacity 121256K, committed 121548K, reserved 1155072K
  class space    used 14546K, capacity 16260K, committed 16332K, reserved 1048576K
}

