# JRE version: OpenJDK Runtime Environment (8.0_152-b01) (build 1.8.0_152-release-1024-b01)
# Java VM: OpenJDK 64-Bit Server VM (25.152-b01 mixed mode linux-amd64 compressed oops)
Heap:
 PSYoungGen      total 371200K, used 52282K [0x00000000e0000000, 0x00000000fbc80000, 0x0000000100000000)
  eden space 345088K, 11% used [0x00000000e0000000,0x00000000e255edc8,0x00000000f5100000)
  from space 26112K, 53% used [0x00000000f5100000,0x00000000f5eafdb8,0x00000000f6a80000)
  to   space 24576K, 0% used [0x00000000fa480000,0x00000000fa480000,0x00000000fbc80000)
 ParOldGen       total 252928K, used 39595K [0x00000000a0000000, 0x00000000af700000, 0x00000000e0000000)
  object space 252928K, 15% used [0x00000000a0000000,0x00000000a26aae20,0x00000000af700000)
 Metaspace       used 66083K, capacity 68360K, committed 68480K, reserved 1107968K
  class space    used 8774K, capacity 9309K, committed 9344K, reserved 1048576K
GC Heap History (10 events):
Event: 4.972 GC heap before
{Heap before GC invocations=8 (full 2):
 PSYoungGen      total 268288K, used 258048K [0x00000000e0000000, 0x00000000f1f80000, 0x0000000100000000)
  eden space 258048K, 100% used [0x00000000e0000000,0x00000000efc00000,0x00000000efc00000)
  from space 10240K, 0% used [0x00000000efc00000,0x00000000efc00000,0x00000000f0600000)
  to   space 12800K, 0% used [0x00000000f1300000,0x00000000f1300000,0x00000000f1f80000)
 ParOldGen       total 167424K, used 16699K [0x00000000a0000000, 0x00000000aa380000, 0x00000000e0000000)
  object space 167424K, 9% used [0x00000000a0000000,0x00000000a104eef8,0x00000000aa380000)
 Metaspace       used 52653K, capacity 54436K, committed 54528K, reserved 1095680K
  class space    used 7262K, capacity 7679K, committed 7680K, reserved 1048576K
Event: 4.989 GC heap after
Heap after GC invocations=8 (full 2):
 PSYoungGen      total 272384K, used 12774K [0x00000000e0000000, 0x00000000f9100000, 0x0000000100000000)
  eden space 259584K, 0% used [0x00000000e0000000,0x00000000e0000000,0x00000000efd80000)
  from space 12800K, 99% used [0x00000000f1300000,0x00000000f1f79bc8,0x00000000f1f80000)
  to   space 22016K, 0% used [0x00000000efd80000,0x00000000efd80000,0x00000000f1300000)
 ParOldGen       total 167424K, used 30375K [0x00000000a0000000, 0x00000000aa380000, 0x00000000e0000000)
  object space 167424K, 18% used [0x00000000a0000000,0x00000000a1da9fb8,0x00000000aa380000)
 Metaspace       used 52653K, capacity 54436K, committed 54528K, reserved 1095680K
  class space    used 7262K, capacity 7679K, committed 7680K, reserved 1048576K
}
Event: 6.416 GC heap before
{Heap before GC invocations=9 (full 2):
 PSYoungGen      total 272384K, used 194042K [0x00000000e0000000, 0x00000000f9100000, 0x0000000100000000)
  eden space 259584K, 69% used [0x00000000e0000000,0x00000000eb104dc0,0x00000000efd80000)
  from space 12800K, 99% used [0x00000000f1300000,0x00000000f1f79bc8,0x00000000f1f80000)
  to   space 22016K, 0% used [0x00000000efd80000,0x00000000efd80000,0x00000000f1300000)
 ParOldGen       total 167424K, used 30375K [0x00000000a0000000, 0x00000000aa380000, 0x00000000e0000000)
  object space 167424K, 18% used [0x00000000a0000000,0x00000000a1da9fb8,0x00000000aa380000)
 Metaspace       used 57044K, capacity 58952K, committed 59028K, reserved 1099776K
  class space    used 7742K, capacity 8192K, committed 8192K, reserved 1048576K
Event: 6.431 GC heap after
Heap after GC invocations=9 (full 2):
 PSYoungGen      total 281600K, used 22007K [0x00000000e0000000, 0x00000000f9180000, 0x0000000100000000)
  eden space 259584K, 0% used [0x00000000e0000000,0x00000000e0000000,0x00000000efd80000)
  from space 22016K, 99% used [0x00000000efd80000,0x00000000f12fdc88,0x00000000f1300000)
  to   space 26112K, 0% used [0x00000000f7800000,0x00000000f7800000,0x00000000f9180000)
 ParOldGen       total 167424K, used 32295K [0x00000000a0000000, 0x00000000aa380000, 0x00000000e0000000)
  object space 167424K, 19% used [0x00000000a0000000,0x00000000a1f89cc0,0x00000000aa380000)
 Metaspace       used 57044K, capacity 58952K, committed 59028K, reserved 1099776K
  class space    used 7742K, capacity 8192K, committed 8192K, reserved 1048576K
}
Event: 6.431 GC heap before
{Heap before GC invocations=10 (full 3):
 PSYoungGen      total 281600K, used 22007K [0x00000000e0000000, 0x00000000f9180000, 0x0000000100000000)
  eden space 259584K, 0% used [0x00000000e0000000,0x00000000e0000000,0x00000000efd80000)
  from space 22016K, 99% used [0x00000000efd80000,0x00000000f12fdc88,0x00000000f1300000)
  to   space 26112K, 0% used [0x00000000f7800000,0x00000000f7800000,0x00000000f9180000)
 ParOldGen       total 167424K, used 32295K [0x00000000a0000000, 0x00000000aa380000, 0x00000000e0000000)
  object space 167424K, 19% used [0x00000000a0000000,0x00000000a1f89cc0,0x00000000aa380000)
 Metaspace       used 57044K, capacity 58952K, committed 59028K, reserved 1099776K
  class space    used 7742K, capacity 8192K, committed 8192K, reserved 1048576K
Event: 6.585 GC heap after
Heap after GC invocations=10 (full 3):
 PSYoungGen      total 281600K, used 0K [0x00000000e0000000, 0x00000000f9180000, 0x0000000100000000)
  eden space 259584K, 0% used [0x00000000e0000000,0x00000000e0000000,0x00000000efd80000)
  from space 22016K, 0% used [0x00000000efd80000,0x00000000efd80000,0x00000000f1300000)
  to   space 26112K, 0% used [0x00000000f7800000,0x00000000f7800000,0x00000000f9180000)
 ParOldGen       total 252928K, used 39571K [0x00000000a0000000, 0x00000000af700000, 0x00000000e0000000)
  object space 252928K, 15% used [0x00000000a0000000,0x00000000a26a4e20,0x00000000af700000)
 Metaspace       used 57044K, capacity 58952K, committed 59028K, reserved 1099776K
  class space    used 7742K, capacity 8192K, committed 8192K, reserved 1048576K
}
Event: 7.878 GC heap before
{Heap before GC invocations=11 (full 3):
 PSYoungGen      total 281600K, used 259245K [0x00000000e0000000, 0x00000000f9180000, 0x0000000100000000)
  eden space 259584K, 99% used [0x00000000e0000000,0x00000000efd2b5c8,0x00000000efd80000)
  from space 22016K, 0% used [0x00000000efd80000,0x00000000efd80000,0x00000000f1300000)
  to   space 26112K, 0% used [0x00000000f7800000,0x00000000f7800000,0x00000000f9180000)
 ParOldGen       total 252928K, used 39571K [0x00000000a0000000, 0x00000000af700000, 0x00000000e0000000)
  object space 252928K, 15% used [0x00000000a0000000,0x00000000a26a4e20,0x00000000af700000)
 Metaspace       used 64167K, capacity 66252K, committed 66432K, reserved 1105920K
  class space    used 8547K, capacity 9043K, committed 9088K, reserved 1048576K
Event: 7.888 GC heap after
Heap after GC invocations=11 (full 3):
 PSYoungGen      total 357376K, used 9057K [0x00000000e0000000, 0x00000000f8400000, 0x0000000100000000)
  eden space 345088K, 0% used [0x00000000e0000000,0x00000000e0000000,0x00000000f5100000)
  from space 12288K, 73% used [0x00000000f7800000,0x00000000f80d8548,0x00000000f8400000)
  to   space 26112K, 0% used [0x00000000f5100000,0x00000000f5100000,0x00000000f6a80000)
 ParOldGen       total 252928K, used 39587K [0x00000000a0000000, 0x00000000af700000, 0x00000000e0000000)
  object space 252928K, 15% used [0x00000000a0000000,0x00000000a26a8e20,0x00000000af700000)
 Metaspace       used 64167K, capacity 66252K, committed 66432K, reserved 1105920K
  class space    used 8547K, capacity 9043K, committed 9088K, reserved 1048576K
}
Event: 9.591 GC heap before
{Heap before GC invocations=12 (full 3):
 PSYoungGen      total 357376K, used 354145K [0x00000000e0000000, 0x00000000f8400000, 0x0000000100000000)
  eden space 345088K, 100% used [0x00000000e0000000,0x00000000f5100000,0x00000000f5100000)
  from space 12288K, 73% used [0x00000000f7800000,0x00000000f80d8548,0x00000000f8400000)
  to   space 26112K, 0% used [0x00000000f5100000,0x00000000f5100000,0x00000000f6a80000)
 ParOldGen       total 252928K, used 39587K [0x00000000a0000000, 0x00000000af700000, 0x00000000e0000000)
  object space 252928K, 15% used [0x00000000a0000000,0x00000000a26a8e20,0x00000000af700000)
 Metaspace       used 65896K, capacity 68148K, committed 68224K, reserved 1107968K
  class space    used 8756K, capacity 9269K, committed 9344K, reserved 1048576K
Event: 9.603 GC heap after
Heap after GC invocations=12 (full 3):
 PSYoungGen      total 371200K, used 14015K [0x00000000e0000000, 0x00000000fbc80000, 0x0000000100000000)
  eden space 345088K, 0% used [0x00000000e0000000,0x00000000e0000000,0x00000000f5100000)
  from space 26112K, 53% used [0x00000000f5100000,0x00000000f5eafdb8,0x00000000f6a80000)
  to   space 24576K, 0% used [0x00000000fa480000,0x00000000fa480000,0x00000000fbc80000)
 ParOldGen       total 252928K, used 39595K [0x00000000a0000000, 0x00000000af700000, 0x00000000e0000000)
  object space 252928K, 15% used [0x00000000a0000000,0x00000000a26aae20,0x00000000af700000)
 Metaspace       used 65896K, capacity 68148K, committed 68224K, reserved 1107968K
  class space    used 8756K, capacity 9269K, committed 9344K, reserved 1048576K
}

