# JRE version: OpenJDK Runtime Environment (8.0_152-b01) (build 1.8.0_152-release-1024-b01)
# Java VM: OpenJDK 64-Bit Server VM (25.152-b01 mixed mode linux-amd64 compressed oops)
Heap:
 PSYoungGen      total 273408K, used 101266K [0x00000000e0000000, 0x00000000f9a00000, 0x0000000100000000)
  eden space 260608K, 33% used [0x00000000e0000000,0x00000000e566ad40,0x00000000efe80000)
  from space 12800K, 99% used [0x00000000f1380000,0x00000000f1ff9ba8,0x00000000f2000000)
  to   space 21504K, 0% used [0x00000000efe80000,0x00000000efe80000,0x00000000f1380000)
 ParOldGen       total 167936K, used 30397K [0x00000000a0000000, 0x00000000aa400000, 0x00000000e0000000)
  object space 167936K, 18% used [0x00000000a0000000,0x00000000a1daf488,0x00000000aa400000)
 Metaspace       used 53718K, capacity 55418K, committed 55640K, reserved 1097728K
  class space    used 7352K, capacity 7760K, committed 7808K, reserved 1048576K
GC Heap History (10 events):
Event: 1.316 GC heap before
{Heap before GC invocations=4 (full 1):
 PSYoungGen      total 139264K, used 8990K [0x00000000e0000000, 0x00000000f1000000, 0x0000000100000000)
  eden space 129024K, 0% used [0x00000000e0000000,0x00000000e0000000,0x00000000e7e00000)
  from space 10240K, 87% used [0x00000000e7e00000,0x00000000e86c7a20,0x00000000e8800000)
  to   space 10240K, 0% used [0x00000000f0600000,0x00000000f0600000,0x00000000f1000000)
 ParOldGen       total 171008K, used 32K [0x00000000a0000000, 0x00000000aa700000, 0x00000000e0000000)
  object space 171008K, 0% used [0x00000000a0000000,0x00000000a0008000,0x00000000aa700000)
 Metaspace       used 20744K, capacity 21096K, committed 21248K, reserved 1067008K
  class space    used 2899K, capacity 3016K, committed 3072K, reserved 1048576K
Event: 1.366 GC heap after
Heap after GC invocations=4 (full 1):
 PSYoungGen      total 139264K, used 0K [0x00000000e0000000, 0x00000000f1000000, 0x0000000100000000)
  eden space 129024K, 0% used [0x00000000e0000000,0x00000000e0000000,0x00000000e7e00000)
  from space 10240K, 0% used [0x00000000e7e00000,0x00000000e7e00000,0x00000000e8800000)
  to   space 10240K, 0% used [0x00000000f0600000,0x00000000f0600000,0x00000000f1000000)
 ParOldGen       total 109056K, used 8734K [0x00000000a0000000, 0x00000000a6a80000, 0x00000000e0000000)
  object space 109056K, 8% used [0x00000000a0000000,0x00000000a08878d8,0x00000000a6a80000)
 Metaspace       used 20744K, capacity 21096K, committed 21248K, reserved 1067008K
  class space    used 2899K, capacity 3016K, committed 3072K, reserved 1048576K
}
Event: 2.386 GC heap before
{Heap before GC invocations=5 (full 1):
 PSYoungGen      total 139264K, used 129024K [0x00000000e0000000, 0x00000000f1000000, 0x0000000100000000)
  eden space 129024K, 100% used [0x00000000e0000000,0x00000000e7e00000,0x00000000e7e00000)
  from space 10240K, 0% used [0x00000000e7e00000,0x00000000e7e00000,0x00000000e8800000)
  to   space 10240K, 0% used [0x00000000f0600000,0x00000000f0600000,0x00000000f1000000)
 ParOldGen       total 109056K, used 8734K [0x00000000a0000000, 0x00000000a6a80000, 0x00000000e0000000)
  object space 109056K, 8% used [0x00000000a0000000,0x00000000a08878d8,0x00000000a6a80000)
 Metaspace       used 29202K, capacity 29718K, committed 29952K, reserved 1075200K
  class space    used 4095K, capacity 4300K, committed 4352K, reserved 1048576K
Event: 2.397 GC heap after
Heap after GC invocations=5 (full 1):
 PSYoungGen      total 193024K, used 10218K [0x00000000e0000000, 0x00000000f1000000, 0x0000000100000000)
  eden space 182784K, 0% used [0x00000000e0000000,0x00000000e0000000,0x00000000eb280000)
  from space 10240K, 99% used [0x00000000f0600000,0x00000000f0ffa840,0x00000000f1000000)
  to   space 10240K, 0% used [0x00000000efc00000,0x00000000efc00000,0x00000000f0600000)
 ParOldGen       total 109056K, used 10769K [0x00000000a0000000, 0x00000000a6a80000, 0x00000000e0000000)
  object space 109056K, 9% used [0x00000000a0000000,0x00000000a0a84518,0x00000000a6a80000)
 Metaspace       used 29202K, capacity 29718K, committed 29952K, reserved 1075200K
  class space    used 4095K, capacity 4300K, committed 4352K, reserved 1048576K
}
Event: 2.737 GC heap before
{Heap before GC invocations=6 (full 1):
 PSYoungGen      total 193024K, used 45511K [0x00000000e0000000, 0x00000000f1000000, 0x0000000100000000)
  eden space 182784K, 19% used [0x00000000e0000000,0x00000000e2277618,0x00000000eb280000)
  from space 10240K, 99% used [0x00000000f0600000,0x00000000f0ffa840,0x00000000f1000000)
  to   space 10240K, 0% used [0x00000000efc00000,0x00000000efc00000,0x00000000f0600000)
 ParOldGen       total 109056K, used 10769K [0x00000000a0000000, 0x00000000a6a80000, 0x00000000e0000000)
  object space 109056K, 9% used [0x00000000a0000000,0x00000000a0a84518,0x00000000a6a80000)
 Metaspace       used 34785K, capacity 35330K, committed 35416K, reserved 1079296K
  class space    used 4780K, capacity 4983K, committed 4992K, reserved 1048576K
Event: 2.756 GC heap after
Heap after GC invocations=6 (full 1):
 PSYoungGen      total 268288K, used 10214K [0x00000000e0000000, 0x00000000f2000000, 0x0000000100000000)
  eden space 258048K, 0% used [0x00000000e0000000,0x00000000e0000000,0x00000000efc00000)
  from space 10240K, 99% used [0x00000000efc00000,0x00000000f05f9848,0x00000000f0600000)
  to   space 12800K, 0% used [0x00000000f1380000,0x00000000f1380000,0x00000000f2000000)
 ParOldGen       total 109056K, used 10909K [0x00000000a0000000, 0x00000000a6a80000, 0x00000000e0000000)
  object space 109056K, 10% used [0x00000000a0000000,0x00000000a0aa7718,0x00000000a6a80000)
 Metaspace       used 34785K, capacity 35330K, committed 35416K, reserved 1079296K
  class space    used 4780K, capacity 4983K, committed 4992K, reserved 1048576K
}
Event: 2.756 GC heap before
{Heap before GC invocations=7 (full 2):
 PSYoungGen      total 268288K, used 10214K [0x00000000e0000000, 0x00000000f2000000, 0x0000000100000000)
  eden space 258048K, 0% used [0x00000000e0000000,0x00000000e0000000,0x00000000efc00000)
  from space 10240K, 99% used [0x00000000efc00000,0x00000000f05f9848,0x00000000f0600000)
  to   space 12800K, 0% used [0x00000000f1380000,0x00000000f1380000,0x00000000f2000000)
 ParOldGen       total 109056K, used 10909K [0x00000000a0000000, 0x00000000a6a80000, 0x00000000e0000000)
  object space 109056K, 10% used [0x00000000a0000000,0x00000000a0aa7718,0x00000000a6a80000)
 Metaspace       used 34785K, capacity 35330K, committed 35416K, reserved 1079296K
  class space    used 4780K, capacity 4983K, committed 4992K, reserved 1048576K
Event: 2.794 GC heap after
Heap after GC invocations=7 (full 2):
 PSYoungGen      total 268288K, used 0K [0x00000000e0000000, 0x00000000f2000000, 0x0000000100000000)
  eden space 258048K, 0% used [0x00000000e0000000,0x00000000e0000000,0x00000000efc00000)
  from space 10240K, 0% used [0x00000000efc00000,0x00000000efc00000,0x00000000f0600000)
  to   space 12800K, 0% used [0x00000000f1380000,0x00000000f1380000,0x00000000f2000000)
 ParOldGen       total 167936K, used 17007K [0x00000000a0000000, 0x00000000aa400000, 0x00000000e0000000)
  object space 167936K, 10% used [0x00000000a0000000,0x00000000a109bca0,0x00000000aa400000)
 Metaspace       used 34785K, capacity 35330K, committed 35416K, reserved 1079296K
  class space    used 4780K, capacity 4983K, committed 4992K, reserved 1048576K
}
Event: 4.985 GC heap before
{Heap before GC invocations=8 (full 2):
 PSYoungGen      total 268288K, used 258048K [0x00000000e0000000, 0x00000000f2000000, 0x0000000100000000)
  eden space 258048K, 100% used [0x00000000e0000000,0x00000000efc00000,0x00000000efc00000)
  from space 10240K, 0% used [0x00000000efc00000,0x00000000efc00000,0x00000000f0600000)
  to   space 12800K, 0% used [0x00000000f1380000,0x00000000f1380000,0x00000000f2000000)
 ParOldGen       total 167936K, used 17007K [0x00000000a0000000, 0x00000000aa400000, 0x00000000e0000000)
  object space 167936K, 10% used [0x00000000a0000000,0x00000000a109bca0,0x00000000aa400000)
 Metaspace       used 52032K, capacity 53574K, committed 53848K, reserved 1095680K
  class space    used 7142K, capacity 7546K, committed 7552K, reserved 1048576K
Event: 5.005 GC heap after
Heap after GC invocations=8 (full 2):
 PSYoungGen      total 273408K, used 12774K [0x00000000e0000000, 0x00000000f9a00000, 0x0000000100000000)
  eden space 260608K, 0% used [0x00000000e0000000,0x00000000e0000000,0x00000000efe80000)
  from space 12800K, 99% used [0x00000000f1380000,0x00000000f1ff9ba8,0x00000000f2000000)
  to   space 21504K, 0% used [0x00000000efe80000,0x00000000efe80000,0x00000000f1380000)
 ParOldGen       total 167936K, used 30397K [0x00000000a0000000, 0x00000000aa400000, 0x00000000e0000000)
  object space 167936K, 18% used [0x00000000a0000000,0x00000000a1daf488,0x00000000aa400000)
 Metaspace       used 52032K, capacity 53574K, committed 53848K, reserved 1095680K
  class space    used 7142K, capacity 7546K, committed 7552K, reserved 1048576K
}

