# JRE version: OpenJDK Runtime Environment (8.0_152-b01) (build 1.8.0_152-release-1024-b01)
# Java VM: OpenJDK 64-Bit Server VM (25.152-b01 mixed mode linux-amd64 compressed oops)
Heap:
 PSYoungGen      total 314880K, used 231985K [0x00000000e0000000, 0x00000000f5d80000, 0x0000000100000000)
  eden space 287232K, 72% used [0x00000000e0000000,0x00000000eca1ebc8,0x00000000f1880000)
  from space 27648K, 90% used [0x00000000f4280000,0x00000000f5aeda80,0x00000000f5d80000)
  to   space 35328K, 0% used [0x00000000f1880000,0x00000000f1880000,0x00000000f3b00000)
 ParOldGen       total 293888K, used 56793K [0x00000000a0000000, 0x00000000b1f00000, 0x00000000e0000000)
  object space 293888K, 19% used [0x00000000a0000000,0x00000000a3776438,0x00000000b1f00000)
 Metaspace       used 81982K, capacity 86566K, committed 86784K, reserved 1124352K
  class space    used 10591K, capacity 11460K, committed 11520K, reserved 1048576K
GC Heap History (10 events):
Event: 17.261 GC heap before
{Heap before GC invocations=11 (full 3):
 PSYoungGen      total 270336K, used 248320K [0x00000000e0000000, 0x00000000f6900000, 0x0000000100000000)
  eden space 248320K, 100% used [0x00000000e0000000,0x00000000ef280000,0x00000000ef280000)
  from space 22016K, 0% used [0x00000000ef280000,0x00000000ef280000,0x00000000f0800000)
  to   space 25088K, 0% used [0x00000000f5080000,0x00000000f5080000,0x00000000f6900000)
 ParOldGen       total 293888K, used 47532K [0x00000000a0000000, 0x00000000b1f00000, 0x00000000e0000000)
  object space 293888K, 16% used [0x00000000a0000000,0x00000000a2e6b288,0x00000000b1f00000)
 Metaspace       used 64441K, capacity 66424K, committed 66560K, reserved 1105920K
  class space    used 8636K, capacity 9139K, committed 9216K, reserved 1048576K
Event: 17.276 GC heap after
Heap after GC invocations=11 (full 3):
 PSYoungGen      total 345600K, used 15452K [0x00000000e0000000, 0x00000000f6a80000, 0x0000000100000000)
  eden space 320512K, 0% used [0x00000000e0000000,0x00000000e0000000,0x00000000f3900000)
  from space 25088K, 61% used [0x00000000f5080000,0x00000000f5f972a8,0x00000000f6900000)
  to   space 24064K, 0% used [0x00000000f3900000,0x00000000f3900000,0x00000000f5080000)
 ParOldGen       total 293888K, used 47548K [0x00000000a0000000, 0x00000000b1f00000, 0x00000000e0000000)
  object space 293888K, 16% used [0x00000000a0000000,0x00000000a2e6f288,0x00000000b1f00000)
 Metaspace       used 64441K, capacity 66424K, committed 66560K, reserved 1105920K
  class space    used 8636K, capacity 9139K, committed 9216K, reserved 1048576K
}
Event: 516.952 GC heap before
{Heap before GC invocations=12 (full 3):
 PSYoungGen      total 345600K, used 335964K [0x00000000e0000000, 0x00000000f6a80000, 0x0000000100000000)
  eden space 320512K, 100% used [0x00000000e0000000,0x00000000f3900000,0x00000000f3900000)
  from space 25088K, 61% used [0x00000000f5080000,0x00000000f5f972a8,0x00000000f6900000)
  to   space 24064K, 0% used [0x00000000f3900000,0x00000000f3900000,0x00000000f5080000)
 ParOldGen       total 293888K, used 47548K [0x00000000a0000000, 0x00000000b1f00000, 0x00000000e0000000)
  object space 293888K, 16% used [0x00000000a0000000,0x00000000a2e6f288,0x00000000b1f00000)
 Metaspace       used 78218K, capacity 81332K, committed 81536K, reserved 1120256K
  class space    used 10365K, capacity 11045K, committed 11136K, reserved 1048576K
Event: 517.008 GC heap after
Heap after GC invocations=12 (full 3):
 PSYoungGen      total 335872K, used 24059K [0x00000000e0000000, 0x00000000f6c80000, 0x0000000100000000)
  eden space 311808K, 0% used [0x00000000e0000000,0x00000000e0000000,0x00000000f3080000)
  from space 24064K, 99% used [0x00000000f3900000,0x00000000f507efb8,0x00000000f5080000)
  to   space 28672K, 0% used [0x00000000f5080000,0x00000000f5080000,0x00000000f6c80000)
 ParOldGen       total 293888K, used 56777K [0x00000000a0000000, 0x00000000b1f00000, 0x00000000e0000000)
  object space 293888K, 19% used [0x00000000a0000000,0x00000000a3772438,0x00000000b1f00000)
 Metaspace       used 78218K, capacity 81332K, committed 81536K, reserved 1120256K
  class space    used 10365K, capacity 11045K, committed 11136K, reserved 1048576K
}
Event: 799.082 GC heap before
{Heap before GC invocations=13 (full 3):
 PSYoungGen      total 335872K, used 335867K [0x00000000e0000000, 0x00000000f6c80000, 0x0000000100000000)
  eden space 311808K, 100% used [0x00000000e0000000,0x00000000f3080000,0x00000000f3080000)
  from space 24064K, 99% used [0x00000000f3900000,0x00000000f507efb8,0x00000000f5080000)
  to   space 28672K, 0% used [0x00000000f5080000,0x00000000f5080000,0x00000000f6c80000)
 ParOldGen       total 293888K, used 56777K [0x00000000a0000000, 0x00000000b1f00000, 0x00000000e0000000)
  object space 293888K, 19% used [0x00000000a0000000,0x00000000a3772438,0x00000000b1f00000)
 Metaspace       used 79722K, capacity 83226K, committed 83456K, reserved 1122304K
  class space    used 10426K, capacity 11159K, committed 11264K, reserved 1048576K
Event: 799.100 GC heap after
Heap after GC invocations=13 (full 3):
 PSYoungGen      total 326144K, used 22982K [0x00000000e0000000, 0x00000000f6700000, 0x0000000100000000)
  eden space 303104K, 0% used [0x00000000e0000000,0x00000000e0000000,0x00000000f2800000)
  from space 23040K, 99% used [0x00000000f5080000,0x00000000f66f1888,0x00000000f6700000)
  to   space 32256K, 0% used [0x00000000f2800000,0x00000000f2800000,0x00000000f4780000)
 ParOldGen       total 293888K, used 56777K [0x00000000a0000000, 0x00000000b1f00000, 0x00000000e0000000)
  object space 293888K, 19% used [0x00000000a0000000,0x00000000a3772438,0x00000000b1f00000)
 Metaspace       used 79722K, capacity 83226K, committed 83456K, reserved 1122304K
  class space    used 10426K, capacity 11159K, committed 11264K, reserved 1048576K
}
Event: 886.304 GC heap before
{Heap before GC invocations=14 (full 3):
 PSYoungGen      total 326144K, used 326086K [0x00000000e0000000, 0x00000000f6700000, 0x0000000100000000)
  eden space 303104K, 100% used [0x00000000e0000000,0x00000000f2800000,0x00000000f2800000)
  from space 23040K, 99% used [0x00000000f5080000,0x00000000f66f1888,0x00000000f6700000)
  to   space 32256K, 0% used [0x00000000f2800000,0x00000000f2800000,0x00000000f4780000)
 ParOldGen       total 293888K, used 56777K [0x00000000a0000000, 0x00000000b1f00000, 0x00000000e0000000)
  object space 293888K, 19% used [0x00000000a0000000,0x00000000a3772438,0x00000000b1f00000)
 Metaspace       used 80368K, capacity 83902K, committed 84224K, reserved 1122304K
  class space    used 10436K, capacity 11176K, committed 11264K, reserved 1048576K
Event: 886.319 GC heap after
Heap after GC invocations=14 (full 3):
 PSYoungGen      total 322048K, used 26824K [0x00000000e0000000, 0x00000000f6300000, 0x0000000100000000)
  eden space 294912K, 0% used [0x00000000e0000000,0x00000000e0000000,0x00000000f2000000)
  from space 27136K, 98% used [0x00000000f2800000,0x00000000f4232060,0x00000000f4280000)
  to   space 33280K, 0% used [0x00000000f4280000,0x00000000f4280000,0x00000000f6300000)
 ParOldGen       total 293888K, used 56785K [0x00000000a0000000, 0x00000000b1f00000, 0x00000000e0000000)
  object space 293888K, 19% used [0x00000000a0000000,0x00000000a3774438,0x00000000b1f00000)
 Metaspace       used 80368K, capacity 83902K, committed 84224K, reserved 1122304K
  class space    used 10436K, capacity 11176K, committed 11264K, reserved 1048576K
}
Event: 2090.874 GC heap before
{Heap before GC invocations=15 (full 3):
 PSYoungGen      total 322048K, used 321736K [0x00000000e0000000, 0x00000000f6300000, 0x0000000100000000)
  eden space 294912K, 100% used [0x00000000e0000000,0x00000000f2000000,0x00000000f2000000)
  from space 27136K, 98% used [0x00000000f2800000,0x00000000f4232060,0x00000000f4280000)
  to   space 33280K, 0% used [0x00000000f4280000,0x00000000f4280000,0x00000000f6300000)
 ParOldGen       total 293888K, used 56785K [0x00000000a0000000, 0x00000000b1f00000, 0x00000000e0000000)
  object space 293888K, 19% used [0x00000000a0000000,0x00000000a3774438,0x00000000b1f00000)
 Metaspace       used 81203K, capacity 85078K, committed 85248K, reserved 1124352K
  class space    used 10481K, capacity 11258K, committed 11264K, reserved 1048576K
Event: 2090.892 GC heap after
Heap after GC invocations=15 (full 3):
 PSYoungGen      total 314880K, used 25014K [0x00000000e0000000, 0x00000000f5d80000, 0x0000000100000000)
  eden space 287232K, 0% used [0x00000000e0000000,0x00000000e0000000,0x00000000f1880000)
  from space 27648K, 90% used [0x00000000f4280000,0x00000000f5aeda80,0x00000000f5d80000)
  to   space 35328K, 0% used [0x00000000f1880000,0x00000000f1880000,0x00000000f3b00000)
 ParOldGen       total 293888K, used 56793K [0x00000000a0000000, 0x00000000b1f00000, 0x00000000e0000000)
  object space 293888K, 19% used [0x00000000a0000000,0x00000000a3776438,0x00000000b1f00000)
 Metaspace       used 81203K, capacity 85078K, committed 85248K, reserved 1124352K
  class space    used 10481K, capacity 11258K, committed 11264K, reserved 1048576K
}

